[faithful] city=slc wind=zero config=small (hidden=128 layers=3) steps=12000 batch=32 lr=0.0001 wd=0.0 dropout=0.0
[preprocess] despike: masked 984/87320 spike cells (1.13%) > 6 robust-sigma from a 13h rolling median -> treated as not observed
[preprocess] spatial-qa: masked 726/87320 cells (0.83%) > 8 cross-sensor robust-z from the hourly network median -> not observed
[preprocess] masked 4379/87320 implausible cells (5.01%) outside [0, 500] ug/m3 -> treated as not observed
[preprocess] sensors: 40 -> 36 kept  (threshold=40% yearly coverage)
[preprocess] dropped full-year duds (coverage): [('112594', 0.0), ('129727', 0.0), ('34941', 0.081), ('199645', 0.206)]
[preprocess] observed cells: 74827/78588 (95.2%) -> only these can enter the loss; the rest are filled inputs (zero), never targets
[wind] source=zero -> convection inert (distance only)
[graph] set='urban'  nodes=36  edges=228  timesteps=2183  has_wind=False  has_temp=False
[warn] STRICT_INPUTS off: wind is missing -> zero-filled (convection runs on distance only)
  seed 1: OURS mae=3.698  IDW mae=3.905  RK(elev) mae=3.726   w(D,C,L)=(0.33,0.00,0.67)

========================================================================
FAITHFUL GraPhy  city=slc  config=small  split(tr/val/te)=(24, 4, 8)  seeds=[1]  (825s)
========================================================================
FAITHFUL GraPhy     MAE=3.698+-0.000  RMSE=5.951  R2=0.826+-0.000  corr=0.909
IDW baseline        MAE=3.905+-0.000  RMSE=6.432  R2=0.797+-0.000  corr=0.893
RK-elev baseline    MAE=3.726+-0.000  RMSE=5.945  R2=0.826+-0.000  corr=0.909
repo best (ref)     MAE=3.054+-0.29 (IDW-residual scaffold, wind zero)
GraPhy (paper)      MAE=2.380   (Fresno, 41 sensors, Oct23-Jan24)
mean fusion weight  w_D(diffusion)=0.333  w_C(convection)=0.000  w_L(local)=0.667
diverged seeds: 0/1  (plain MSE stable)
========================================================================
