[faithful] city=fresno_med_max wind=hrrr config=small (hidden=128 layers=3) steps=4000 batch=32 lr=0.0001 wd=0.001 dropout=0.0
[preprocess] despike: masked 831/94432 spike cells (0.88%) > 6 robust-sigma from a 13h rolling median -> treated as not observed
[preprocess] spatial-qa: masked 71/94432 cells (0.08%) > 8 cross-sensor robust-z from the hourly network median -> not observed
[preprocess] masked 0/94432 implausible cells (0.00%) outside [0, 500] ug/m3 -> treated as not observed
[preprocess] sensors: 32 -> 30 kept  (threshold=40% yearly coverage)
[preprocess] dropped full-year duds (coverage): [('18625', 0.0), ('124099', 0.356)]
[preprocess] observed cells: 81441/88530 (92.0%) -> only these can enter the loss; the rest are filled inputs (zero), never targets
[wind] 12/30 sensors missing wind files -> zero wind at those nodes: ['119225', '134022', '15189', '17569', '189863', '37111', '39049', '63119', '7284', '80125', '83229', '86319']
[wind] source=HRRR 3km (/Users/annaypodimatopoulou/Code/side_quests/nasa-sees/data/fresno/wind_hrrr)
[graph] set='urban'  nodes=30  edges=198  timesteps=2951  has_wind=True  has_temp=False
  seed 4: OURS mae=5.274 rmse=7.470 r2=0.643 corr=0.804 (n=19778)   IDW mae=4.456   w(D,C,L)=(0.01,0.34,0.65)  best@3750(val 3.82)

========================================================================
FAITHFUL GraPhy  city=fresno_med_max  config=small  split(tr/val/te)=(20, 3, 7)  seeds=[4]  (1348s)
========================================================================
FAITHFUL GraPhy     MAE=5.274+-0.000  RMSE=7.470  R2=0.643+-0.000  corr=0.804
IDW baseline        MAE=4.456+-0.000  RMSE=6.577  R2=0.723+-0.000  corr=0.853
repo best (ref)     MAE=3.054+-0.29 (IDW-residual scaffold, wind zero)
GraPhy (paper)      MAE=2.380   (Fresno, 41 sensors, Oct23-Jan24)
mean fusion weight  w_D(diffusion)=0.013  w_C(convection)=0.340  w_L(local)=0.647
diverged seeds: 0/1  (plain MSE stable)
========================================================================
