[faithful] city=slc wind=zero config=small (hidden=128 layers=3) steps=8000 batch=32 lr=0.0001 wd=0.0 dropout=0.0
[preprocess] despike: masked 984/87320 spike cells (1.13%) > 6 robust-sigma from a 13h rolling median -> treated as not observed
[preprocess] spatial-qa: masked 726/87320 cells (0.83%) > 8 cross-sensor robust-z from the hourly network median -> not observed
[preprocess] masked 4379/87320 implausible cells (5.01%) outside [0, 500] ug/m3 -> treated as not observed
[preprocess] sensors: 40 -> 36 kept  (threshold=40% yearly coverage)
[preprocess] dropped full-year duds (coverage): [('112594', 0.0), ('129727', 0.0), ('34941', 0.081), ('199645', 0.206)]
[preprocess] observed cells: 74827/78588 (95.2%) -> only these can enter the loss; the rest are filled inputs (zero), never targets
[wind] source=zero -> convection inert (distance only)
[graph] set='urban'  nodes=36  edges=228  timesteps=2183  has_wind=False  has_temp=False
[warn] STRICT_INPUTS off: wind is missing -> zero-filled (convection runs on distance only)
[aod] aod_points_2023-12-01_2024-02-2.csv: 29 days, 36/36 sensors with data, 50% of day-cells have a retrieval
[aod] gradient loss ACTIVE  weight=0.5  has_aod=True  hours with >=2 retrievals=600  file=aod_points_2023-12-01_2024-02-2.csv
  seed 0: OURS mae=3.818  IDW mae=4.199  RK(elev) mae=3.806   w(D,C,L)=(0.00,0.00,1.00)

========================================================================
FAITHFUL GraPhy  city=slc  config=small  split(tr/val/te)=(24, 4, 8)  seeds=[0]  (559s)
========================================================================
FAITHFUL GraPhy     MAE=3.818+-0.000  RMSE=6.086  R2=0.815+-0.000  corr=0.915
IDW baseline        MAE=4.199+-0.000  RMSE=6.634  R2=0.780+-0.000  corr=0.900
RK-elev baseline    MAE=3.806+-0.000  RMSE=6.105  R2=0.814+-0.000  corr=0.915
repo best (ref)     MAE=3.054+-0.29 (IDW-residual scaffold, wind zero)
GraPhy (paper)      MAE=2.380   (Fresno, 41 sensors, Oct23-Jan24)
mean fusion weight  w_D(diffusion)=0.000  w_C(convection)=0.000  w_L(local)=1.000
diverged seeds: 0/1  (plain MSE stable)
========================================================================
