[done] cfg=krig N=6 ss=0  OURS=  IDW=
[done] cfg=krig N=6 ss=1  OURS=  IDW=
[done] cfg=krig N=6 ss=2  OURS=  IDW=
[done] cfg=krig N=8 ss=0  OURS=  IDW=
[done] cfg=krig N=8 ss=1  OURS=  IDW=
[done] cfg=krig N=8 ss=2  OURS=  IDW=
[done] cfg=krig N=10 ss=0  OURS=  IDW=
[done] cfg=krig N=10 ss=1  OURS=  IDW=
[done] cfg=krig N=10 ss=2  OURS=  IDW=
[done] cfg=krig N=12 ss=0  OURS=  IDW=
[done] cfg=krig N=12 ss=1  OURS=  IDW=
[done] cfg=krig N=12 ss=2  OURS=  IDW=
[done] cfg=krig N=14 ss=0  OURS=  IDW=
[done] cfg=krig N=14 ss=1  OURS=  IDW=
[done] cfg=krig N=14 ss=2  OURS=  IDW=
[done] cfg=krig N=16 ss=0  OURS=  IDW=
[done] cfg=krig N=16 ss=1  OURS=  IDW=
[done] cfg=krig N=16 ss=2  OURS=  IDW=
[done] cfg=krig N=18 ss=0  OURS=  IDW=
[done] cfg=krig N=18 ss=1  OURS=  IDW=
[done] cfg=krig N=18 ss=2  OURS=  IDW=
[done] cfg=krig N=20 ss=0  OURS=  IDW=
[done] cfg=krig N=20 ss=1  OURS=  IDW=
[done] cfg=krig N=20 ss=2  OURS=  IDW=
[done] cfg=krig N=22 ss=0  OURS=  IDW=
[done] cfg=krig N=22 ss=1  OURS=  IDW=
[done] cfg=krig N=22 ss=2  OURS=  IDW=
[done] cfg=idw N=6 ss=0  OURS=  IDW=
[done] cfg=idw N=6 ss=1  OURS=  IDW=
[done] cfg=idw N=6 ss=2  OURS=  IDW=
[done] cfg=idw N=8 ss=0  OURS=  IDW=
[done] cfg=idw N=8 ss=1  OURS=  IDW=
[done] cfg=idw N=8 ss=2  OURS=  IDW=
[done] cfg=idw N=10 ss=0  OURS=  IDW=
[done] cfg=idw N=10 ss=1  OURS=  IDW=
[done] cfg=idw N=10 ss=2  OURS=  IDW=
[done] cfg=idw N=12 ss=0  OURS=  IDW=
[done] cfg=idw N=12 ss=1  OURS=  IDW=
[done] cfg=idw N=12 ss=2  OURS=  IDW=
[done] cfg=idw N=14 ss=0  OURS=  IDW=
[done] cfg=idw N=14 ss=1  OURS=  IDW=
[done] cfg=idw N=14 ss=2  OURS=  IDW=
[done] cfg=idw N=16 ss=0  OURS=  IDW=
[done] cfg=idw N=16 ss=1  OURS=  IDW=
[done] cfg=idw N=16 ss=2  OURS=  IDW=
[done] cfg=idw N=18 ss=0  OURS=  IDW=
[done] cfg=idw N=18 ss=1  OURS=  IDW=
[done] cfg=idw N=18 ss=2  OURS=  IDW=
[done] cfg=idw N=20 ss=0  OURS=  IDW=
[done] cfg=idw N=20 ss=1  OURS=  IDW=
[done] cfg=idw N=20 ss=2  OURS=  IDW=
[done] cfg=idw N=22 ss=0  OURS=  IDW=
[done] cfg=idw N=22 ss=1  OURS=  IDW=
[done] cfg=idw N=22 ss=2  OURS=  IDW=
=== SWEEP COMPLETE -> density_sweep_logs/results.csv ===
config  N   subsample_seed  ours_mae  ours_std  idw_mae  idw_std
idw     6   0               4.375     1.322     3.960    1.343
idw     6   1               4.813     1.960     4.553    1.485
idw     6   2               4.620     1.510     4.097    1.387
idw     8   0               6.096     1.175     5.692    1.273
idw     8   1               4.910     1.351     4.724    0.891
idw     8   2               5.421     1.510     4.949    1.982
idw     10  0               3.401     0.421     3.222    0.337
idw     10  1               4.910     1.330     4.042    0.868
idw     10  2               4.220     0.951     3.811    0.482
idw     12  0               2.879     0.380     2.797    0.321
idw     12  1               3.389     0.534     3.064    0.325
idw     12  2               3.835     0.831     3.714    0.773
idw     14  0               3.114     0.343     3.266    0.509
idw     14  1               3.528     1.321     3.421    1.327
idw     14  2               3.406     0.771     3.390    0.552
idw     16  0               3.398     0.793     3.614    0.740
idw     16  1               3.592     0.760     3.624    0.768
idw     16  2               3.012     0.350     3.139    0.471
idw     18  0               2.883     0.667     2.830    0.630
idw     18  1               3.252     0.748     3.334    0.553
idw     18  2               2.950     0.435     2.826    0.514
idw     20  0               3.171     0.593     2.917    0.487
idw     20  1               3.284     0.613     3.013    0.586
idw     20  2               3.175     0.701     3.048    0.701
idw     22  0               3.164     0.372     3.021    0.202
krig    6   0               4.354     1.021     3.960    1.343
krig    6   1               5.570     2.398     4.553    1.485
krig    6   2               5.060     1.571     4.097    1.387
krig    8   0               6.120     1.398     5.692    1.273
krig    8   1               5.002     1.300     4.724    0.891
krig    8   2               5.665     1.735     4.949    1.982
krig    10  0               4.605     0.658     3.222    0.337
krig    10  1               6.187     1.512     4.042    0.868
krig    10  2               4.794     1.000     3.811    0.482
krig    12  0               3.140     0.742     2.797    0.321
krig    12  1               3.304     0.655     3.064    0.325
krig    12  2               3.758     0.713     3.714    0.773
krig    14  0               3.407     0.549     3.266    0.509
krig    14  1               3.851     1.548     3.421    1.327
krig    14  2               4.406     1.034     3.390    0.552
krig    16  0               3.981     1.101     3.614    0.740
krig    16  1               4.072     0.886     3.624    0.768
krig    16  2               3.459     0.634     3.139    0.471
krig    18  0               2.734     0.576     2.830    0.630
krig    18  1               3.253     0.651     3.334    0.553
krig    18  2               3.123     0.684     2.826    0.514
krig    20  0               3.147     0.576     2.917    0.487
krig    20  1               3.524     0.332     3.013    0.586
krig    20  2               3.229     0.799     3.048    0.701
krig    22  0               3.107     0.490     3.021    0.202
krig    22  1               3.107     0.490     3.021    0.202
krig    22  2               3.107     0.490     3.021    0.202
idw     22  1
idw     22  2
