[faithful] city=slc wind=zero config=small (hidden=128 layers=3) steps=4000 batch=32 lr=0.0001
[preprocess] despike: masked 565/48026 spike cells (1.18%) > 6 robust-sigma from a 13h rolling median -> treated as not observed
[preprocess] spatial-qa: masked 327/48026 cells (0.68%) > 8 cross-sensor robust-z from the hourly network median -> not observed
[preprocess] masked 10/48026 implausible cells (0.02%) outside [0, 500] ug/m3 -> treated as not observed
[preprocess] sensors: 22 -> 22 kept  (threshold=40% yearly coverage)
[preprocess] observed cells: 44283/48026 (92.2%) -> only these can enter the loss; the rest are filled inputs (zero), never targets
[wind] source=zero -> convection inert (distance only)
[graph] set='urban'  nodes=22  edges=142  timesteps=2183  has_wind=False  has_temp=False
[warn] STRICT_INPUTS off: wind is missing -> zero-filled (convection runs on distance only)
  seed 4: OURS mae=4.932 rmse=7.784 r2=0.691 corr=0.839 (n=9487)   IDW mae=4.550   w(D,C,L)=(0.00,0.00,1.00)  best@3999(val 4.76)

========================================================================
FAITHFUL GraPhy  city=slc  config=small  split(tr/val/te)=(15, 2, 5)  seeds=[4]  (1135s)
========================================================================
FAITHFUL GraPhy     MAE=4.932+-0.000  RMSE=7.784  R2=0.691+-0.000  corr=0.839
IDW baseline        MAE=4.550+-0.000  RMSE=7.102  R2=0.743+-0.000  corr=0.863
repo best (ref)     MAE=3.054+-0.29 (IDW-residual scaffold, wind zero)
GraPhy (paper)      MAE=2.380   (Fresno, 41 sensors, Oct23-Jan24)
mean fusion weight  w_D(diffusion)=0.002  w_C(convection)=0.000  w_L(local)=0.998
diverged seeds: 0/1  (plain MSE stable)
========================================================================
