[repro] city=fresno wind=zero hidden=16 layers=4 epochs=120 elev_feat=False elev_gate=False temp_gate=False
[preprocess] despike: masked 647/61971 spike cells (1.04%) > 6 robust-sigma from a 13h rolling median -> treated as not observed
[preprocess] masked 7430/61971 implausible cells (11.99%) outside [0, 500] ug/m3 -> treated as not observed
[preprocess] sensors: 21 -> 18 kept  (threshold=40% yearly coverage)
[preprocess] dropped full-year duds (coverage): [('111391', 0.0), ('118085', 0.0), ('18625', 0.0)]
[preprocess] observed cells: 48379/53118 (91.1%) -> only these can enter the loss; the rest are filled inputs (zero), never targets
[wind] source=zero -> convection inert (distance only)
[graph] set='urban'  nodes=18  edges=112  timesteps=2951  has_wind=False  has_temp=False
[warn] STRICT_INPUTS off: wind is missing -> zero-filled (convection runs on distance only)
  seed 0: OURS mae=4.455 rmse=6.349 r2=0.792 corr=0.909 (n=10351)   IDW mae=4.488
  seed 1: OURS mae=3.911 rmse=4.762 r2=0.782 corr=0.939 (n=11452)   IDW mae=4.336
  seed 2: OURS mae=2.791 rmse=4.523 r2=0.881 corr=0.966 (n=9494)   IDW mae=2.711
  seed 3: OURS mae=4.562 rmse=5.620 r2=0.717 corr=0.867 (n=11660)   IDW mae=5.410
  seed 4: OURS mae=3.373 rmse=5.490 r2=0.800 corr=0.925 (n=10940)   IDW mae=3.115
  seed 5: OURS mae=3.966 rmse=5.841 r2=0.807 corr=0.912 (n=10776)   IDW mae=3.658
  seed 6: OURS mae=4.095 rmse=5.310 r2=0.774 corr=0.909 (n=10163)   IDW mae=4.461
  seed 7: OURS mae=5.257 rmse=7.430 r2=0.743 corr=0.904 (n=10107)   IDW mae=5.091

====================================================================
INDUCTIVE KRIGING  city=fresno  split(train/val/test)=(12, 2, 4)  seeds=[0, 1, 2, 3, 4, 5, 6, 7]
====================================================================
OURS (GraPhyNet)      MAE=4.051±0.703  RMSE=5.666  R2=0.787  corr=0.916
IDW baseline          MAE=4.159±0.873  RMSE=5.986  R2=0.744  corr=0.897
GraPhy (paper)        MAE=2.380   (Fresno, 41 sensors, Oct23-Jan24)
====================================================================
