[repro] city=fresno wind=zero hidden=16 layers=4 epochs=120 elev_feat=False elev_gate=False temp_gate=False
[preprocess] despike: masked 647/61971 spike cells (1.04%) > 6 robust-sigma from a 13h rolling median -> treated as not observed
[preprocess] masked 7430/61971 implausible cells (11.99%) outside [0, 500] ug/m3 -> treated as not observed
[preprocess] sensors: 21 -> 18 kept  (threshold=40% yearly coverage)
[preprocess] dropped full-year duds (coverage): [('111391', 0.0), ('118085', 0.0), ('18625', 0.0)]
[preprocess] observed cells: 48379/53118 (91.1%) -> only these can enter the loss; the rest are filled inputs (zero), never targets
[wind] source=zero -> convection inert (distance only)
[graph] set='urban'  nodes=18  edges=112  timesteps=2951  has_wind=False  has_temp=False
[warn] STRICT_INPUTS off: wind is missing -> zero-filled (convection runs on distance only)
  seed 0: OURS mae=4.720 rmse=6.929 r2=0.752 corr=0.902 (n=10351)   IDW mae=4.488
  seed 1: OURS mae=4.308 rmse=5.034 r2=0.757 corr=0.931 (n=11452)   IDW mae=4.336
  seed 2: OURS mae=3.615 rmse=5.445 r2=0.828 corr=0.959 (n=9494)   IDW mae=2.711
  seed 3: OURS mae=4.698 rmse=5.822 r2=0.696 corr=0.844 (n=11660)   IDW mae=5.410
  seed 4: OURS mae=3.754 rmse=5.785 r2=0.778 corr=0.921 (n=10940)   IDW mae=3.115
  seed 5: OURS mae=4.804 rmse=7.058 r2=0.718 corr=0.906 (n=10776)   IDW mae=3.658
  seed 6: OURS mae=4.223 rmse=5.586 r2=0.750 corr=0.901 (n=10163)   IDW mae=4.461
  seed 7: OURS mae=6.220 rmse=8.737 r2=0.645 corr=0.894 (n=10107)   IDW mae=5.091

====================================================================
INDUCTIVE KRIGING  city=fresno  split(train/val/test)=(12, 2, 4)  seeds=[0, 1, 2, 3, 4, 5, 6, 7]
====================================================================
OURS (GraPhyNet)      MAE=4.543±0.756  RMSE=6.299  R2=0.740  corr=0.907
IDW baseline          MAE=4.159±0.873  RMSE=5.986  R2=0.744  corr=0.897
GraPhy (paper)        MAE=2.380   (Fresno, 41 sensors, Oct23-Jan24)
====================================================================
