[repro] city=fresno wind=zero hidden=16 layers=4 epochs=120 elev_feat=False elev_gate=False temp_gate=False
[preprocess] despike: masked 647/61971 spike cells (1.04%) > 6 robust-sigma from a 13h rolling median -> treated as not observed
[preprocess] masked 7430/61971 implausible cells (11.99%) outside [0, 500] ug/m3 -> treated as not observed
[preprocess] sensors: 21 -> 18 kept  (threshold=40% yearly coverage)
[preprocess] dropped full-year duds (coverage): [('111391', 0.0), ('118085', 0.0), ('18625', 0.0)]
[preprocess] observed cells: 48379/53118 (91.1%) -> only these can enter the loss; the rest are filled inputs (zero), never targets
[wind] source=zero -> convection inert (distance only)
[graph] set='urban'  nodes=18  edges=112  timesteps=2951  has_wind=False  has_temp=False
[warn] STRICT_INPUTS off: wind is missing -> zero-filled (convection runs on distance only)
  seed 0: OURS mae=5.503 rmse=8.470 r2=0.630 corr=0.883 (n=10351)   IDW mae=4.488
  seed 1: OURS mae=4.780 rmse=5.639 r2=0.695 corr=0.907 (n=11452)   IDW mae=4.336
  seed 2: OURS mae=4.708 rmse=6.758 r2=0.734 corr=0.947 (n=9494)   IDW mae=2.711
  seed 3: OURS mae=5.254 rmse=6.484 r2=0.623 corr=0.819 (n=11660)   IDW mae=5.410
  seed 4: OURS mae=4.741 rmse=7.301 r2=0.647 corr=0.902 (n=10940)   IDW mae=3.115
  seed 5: OURS mae=5.072 rmse=7.600 r2=0.673 corr=0.896 (n=10776)   IDW mae=3.658
  seed 6: OURS mae=4.725 rmse=6.280 r2=0.684 corr=0.904 (n=10163)   IDW mae=4.461
  seed 7: OURS mae=6.486 rmse=9.251 r2=0.602 corr=0.876 (n=10107)   IDW mae=5.091

====================================================================
INDUCTIVE KRIGING  city=fresno  split(train/val/test)=(12, 2, 4)  seeds=[0, 1, 2, 3, 4, 5, 6, 7]
====================================================================
OURS (GraPhyNet)      MAE=5.159±0.571  RMSE=7.223  R2=0.661  corr=0.892
IDW baseline          MAE=4.159±0.873  RMSE=5.986  R2=0.744  corr=0.897
GraPhy (paper)        MAE=2.380   (Fresno, 41 sensors, Oct23-Jan24)
====================================================================
