[repro] city=fresno wind=zero hidden=16 layers=4 epochs=120 elev_feat=False elev_gate=False temp_gate=False
[preprocess] despike: masked 647/61971 spike cells (1.04%) > 6 robust-sigma from a 13h rolling median -> treated as not observed
[preprocess] masked 7430/61971 implausible cells (11.99%) outside [0, 500] ug/m3 -> treated as not observed
[preprocess] sensors: 21 -> 18 kept  (threshold=40% yearly coverage)
[preprocess] dropped full-year duds (coverage): [('111391', 0.0), ('118085', 0.0), ('18625', 0.0)]
[preprocess] observed cells: 48379/53118 (91.1%) -> only these can enter the loss; the rest are filled inputs (zero), never targets
[wind] source=zero -> convection inert (distance only)
[graph] set='urban'  nodes=18  edges=112  timesteps=2951  has_wind=False  has_temp=False
[warn] STRICT_INPUTS off: wind is missing -> zero-filled (convection runs on distance only)
  seed 0: OURS mae=4.355 rmse=6.186 r2=0.802 corr=0.909 (n=10351)   IDW mae=4.488
  seed 1: OURS mae=3.985 rmse=5.042 r2=0.756 corr=0.943 (n=11452)   IDW mae=4.336
  seed 2: OURS mae=2.421 rmse=3.943 r2=0.910 corr=0.966 (n=9494)   IDW mae=2.711
  seed 3: OURS mae=4.457 rmse=5.624 r2=0.716 corr=0.851 (n=11660)   IDW mae=5.410
  seed 4: OURS mae=3.030 rmse=4.666 r2=0.856 corr=0.931 (n=10940)   IDW mae=3.115
  seed 5: OURS mae=3.651 rmse=5.385 r2=0.836 corr=0.918 (n=10776)   IDW mae=3.658
  seed 6: OURS mae=3.890 rmse=5.043 r2=0.796 corr=0.912 (n=10163)   IDW mae=4.461
  seed 7: OURS mae=5.037 rmse=7.183 r2=0.760 corr=0.913 (n=10107)   IDW mae=5.091

====================================================================
INDUCTIVE KRIGING  city=fresno  split(train/val/test)=(12, 2, 4)  seeds=[0, 1, 2, 3, 4, 5, 6, 7]
====================================================================
OURS (GraPhyNet)      MAE=3.853±0.775  RMSE=5.384  R2=0.804  corr=0.918
IDW baseline          MAE=4.159±0.873  RMSE=5.986  R2=0.744  corr=0.897
GraPhy (paper)        MAE=2.380   (Fresno, 41 sensors, Oct23-Jan24)
====================================================================
