[repro] city=fresno_dense wind=zero hidden=16 layers=4 epochs=120 elev_feat=False elev_gate=False temp_gate=False
[preprocess] despike: masked 862/91481 spike cells (0.94%) > 6 robust-sigma from a 13h rolling median -> treated as not observed
[preprocess] spatial-qa: masked 83/91481 cells (0.09%) > 8 cross-sensor robust-z from the hourly network median -> not observed
[preprocess] masked 7430/91481 implausible cells (8.12%) outside [0, 500] ug/m3 -> treated as not observed
[preprocess] sensors: 31 -> 27 kept  (threshold=40% yearly coverage)
[preprocess] dropped full-year duds (coverage): [('111391', 0.0), ('118085', 0.0), ('18625', 0.0), ('124099', 0.356)]
[preprocess] observed cells: 73304/79677 (92.0%) -> only these can enter the loss; the rest are filled inputs (zero), never targets
[wind] source=zero -> convection inert (distance only)
[graph] set='urban'  nodes=27  edges=172  timesteps=2951  has_wind=False  has_temp=False
[warn] STRICT_INPUTS off: wind is missing -> zero-filled (convection runs on distance only)
  seed 0: OURS mae=4.264 rmse=5.852 r2=0.765 corr=0.908 (n=13776)   IDW mae=3.640
  seed 1: OURS mae=3.436 rmse=4.951 r2=0.778 corr=0.923 (n=17130)   IDW mae=3.697
  seed 2: OURS mae=2.749 rmse=4.311 r2=0.820 corr=0.909 (n=17279)   IDW mae=2.776
  seed 3: OURS mae=3.118 rmse=4.861 r2=0.713 corr=0.855 (n=16188)   IDW mae=3.561
  seed 4: OURS mae=3.426 rmse=5.350 r2=0.823 corr=0.926 (n=16525)   IDW mae=3.436
  seed 5: OURS mae=3.705 rmse=5.673 r2=0.790 corr=0.893 (n=16905)   IDW mae=3.652
  seed 6: OURS mae=3.344 rmse=4.682 r2=0.767 corr=0.906 (n=17247)   IDW mae=2.968
  seed 7: OURS mae=2.901 rmse=3.931 r2=0.841 corr=0.948 (n=14964)   IDW mae=2.985

====================================================================
INDUCTIVE KRIGING  city=fresno_dense  split(train/val/test)=(18, 3, 6)  seeds=[0, 1, 2, 3, 4, 5, 6, 7]
====================================================================
OURS (GraPhyNet)      MAE=3.368±0.446  RMSE=4.951  R2=0.787  corr=0.908
IDW baseline          MAE=3.339±0.346  RMSE=4.795  R2=0.794  corr=0.903
GraPhy (paper)        MAE=2.380   (Fresno, 41 sensors, Oct23-Jan24)
====================================================================
