########## slc  gap 24h  (8 seeds) ##########
OURS (GraPhyNet)       MAE=3.922±0.465  R2=0.665
ST-kriging baseline    MAE=4.242±0.458  R2=0.638
Persistence floor      MAE=6.690±0.603  R2=0.246
OURS vs ST-kriging: -7.5%   (<0 = GNN beats the strong space+time baseline)
mean learned prior blend b (persistence weight) = 0.33
########## slc  gap 48h  (8 seeds) ##########
OURS (GraPhyNet)       MAE=4.377±0.225  R2=0.572
ST-kriging baseline    MAE=4.597±0.242  R2=0.555
Persistence floor      MAE=7.653±0.339  R2=0.144
OURS vs ST-kriging: -4.8%   (<0 = GNN beats the strong space+time baseline)
mean learned prior blend b (persistence weight) = 0.31
########## pittsburgh  gap 24h  (8 seeds) ##########
OURS (GraPhyNet)       MAE=3.781±0.231  R2=0.681
ST-kriging baseline    MAE=4.339±0.254  R2=0.623
Persistence floor      MAE=5.622±0.266  R2=0.314
OURS vs ST-kriging: -12.9%   (<0 = GNN beats the strong space+time baseline)
mean learned prior blend b (persistence weight) = 0.49
########## pittsburgh  gap 48h  (8 seeds) ##########
OURS (GraPhyNet)       MAE=4.373±0.137  R2=0.574
ST-kriging baseline    MAE=4.751±0.155  R2=0.534
Persistence floor      MAE=6.605±0.389  R2=0.085
OURS vs ST-kriging: -7.9%   (<0 = GNN beats the strong space+time baseline)
mean learned prior blend b (persistence weight) = 0.40
ALL_CONFIRM_DONE
