[repro] city=fresno wind=hrrr hidden=16 layers=4 epochs=120 elev_feat=False elev_gate=False temp_gate=False
[preprocess] masked 7431/61971 implausible cells (11.99%) outside [0, 500] ug/m3 -> treated as not observed
[preprocess] sensors: 21 -> 19 kept  (threshold=40% yearly coverage)
[preprocess] dropped full-year duds (coverage): [('111391', 0.0), ('118085', 0.0)]
[preprocess] observed cells: 51976/56069 (92.7%) -> only these can enter the loss; the rest are filled inputs (zero), never targets
[wind] source=HRRR 3km (/Users/annaypodimatopoulou/Code/side_quests/nasa-sees/data/fresno/wind_hrrr)
[graph] set='urban'  nodes=19  edges=114  timesteps=2951  has_wind=True  has_temp=False
  seed 0: OURS mae=6.276 rmse=10.324 r2=0.681 corr=0.866 (n=10379)   IDW mae=5.524
  seed 1: OURS mae=8.431 rmse=11.779 r2=0.473 corr=0.804 (n=11541)   IDW mae=5.820
  seed 2: OURS mae=6.230 rmse=8.273 r2=0.754 corr=0.929 (n=10231)   IDW mae=4.083

====================================================================
INDUCTIVE KRIGING  city=fresno  split(train/val/test)=(13, 2, 4)  seeds=[0, 1, 2]
====================================================================
OURS (GraPhyNet)      MAE=6.979±1.027  RMSE=10.125  R2=0.636  corr=0.866
IDW baseline          MAE=5.142±0.758  RMSE=8.998  R2=0.700  corr=0.866
GraPhy (paper)        MAE=2.380   (Fresno, 41 sensors, Oct23-Jan24)
====================================================================

[fusion shares] fresno: diffusion=0.576  convection=0.040  local=0.384   (from 35412 eval calls)
[repro] city=slc wind=hrrr hidden=16 layers=4 epochs=120 elev_feat=False elev_gate=False temp_gate=False
[preprocess] masked 10/48026 implausible cells (0.02%) outside [0, 500] ug/m3 -> treated as not observed
[preprocess] sensors: 22 -> 22 kept  (threshold=40% yearly coverage)
[preprocess] observed cells: 45175/48026 (94.1%) -> only these can enter the loss; the rest are filled inputs (zero), never targets
[wind] source=HRRR 3km (/Users/annaypodimatopoulou/Code/side_quests/nasa-sees/data/slc/wind_hrrr)
[graph] set='urban'  nodes=22  edges=142  timesteps=2183  has_wind=True  has_temp=False
  seed 0: OURS mae=7.337 rmse=9.628 r2=0.577 corr=0.849 (n=10742)   IDW mae=3.711
  seed 1: OURS mae=4.319 rmse=9.481 r2=0.602 corr=0.778 (n=9961)   IDW mae=4.500
  seed 2: OURS mae=7.072 rmse=13.614 r2=0.333 corr=0.627 (n=10864)   IDW mae=6.941

====================================================================
INDUCTIVE KRIGING  city=slc  split(train/val/test)=(15, 2, 5)  seeds=[0, 1, 2]
====================================================================
OURS (GraPhyNet)      MAE=6.242±1.364  RMSE=10.908  R2=0.504  corr=0.751
IDW baseline          MAE=5.051±1.375  RMSE=9.482  R2=0.605  corr=0.775
GraPhy (paper)        MAE=2.380   (Fresno, 41 sensors, Oct23-Jan24)
====================================================================

[fusion shares] slc: diffusion=0.579  convection=0.041  local=0.380   (from 26196 eval calls)

saved -> /Users/annaypodimatopoulou/Code/side_quests/nasa-sees/poster-graphs/fusion_shares.json
