[repro] city=pittsburgh wind=zero hidden=16 layers=4 epochs=120 elev_feat=False elev_gate=False temp_gate=False
[preprocess] despike: masked 6519/576576 spike cells (1.13%) > 6 robust-sigma from a 13h rolling median -> treated as not observed
[preprocess] spatial-qa: masked 238/576576 cells (0.04%) > 8 cross-sensor robust-z from the hourly network median -> not observed
[preprocess] masked 6759/576576 implausible cells (1.17%) outside [0, 500] ug/m3 -> treated as not observed
[preprocess] sensors: 66 -> 58 kept  (threshold=40% yearly coverage)
[preprocess] dropped full-year duds (coverage): [('198947', 0.0), ('201107', 0.03), ('200813', 0.032), ('103796', 0.136), ('185379', 0.182), ('141976', 0.231), ('141112', 0.24), ('174559', 0.398)]
[preprocess] observed cells: 413787/506688 (81.7%) -> only these can enter the loss; the rest are filled inputs (zero), never targets
[wind] source=zero -> convection inert (distance only)
[graph] set='urban'  nodes=58  edges=384  timesteps=8736  has_wind=False  has_temp=True
[warn] STRICT_INPUTS off: wind is missing -> zero-filled (convection runs on distance only)
[aod] aod_points_2023-01-01_2023-12-31.csv: 173 days, 58/58 sensors with data, 69% of day-cells have a retrieval
  seed 0: OURS mae=5.082 rmse=8.366 r2=0.508 corr=0.726 (n=91299)   IDW mae=5.351
[aod] aod_points_2023-01-01_2023-12-31.csv: 173 days, 58/58 sensors with data, 69% of day-cells have a retrieval
  seed 1: OURS mae=4.945 rmse=7.666 r2=0.632 corr=0.798 (n=87655)   IDW mae=5.165
[aod] aod_points_2023-01-01_2023-12-31.csv: 173 days, 58/58 sensors with data, 69% of day-cells have a retrieval
  seed 2: OURS mae=5.040 rmse=7.743 r2=0.651 corr=0.827 (n=94260)   IDW mae=4.543
[aod] aod_points_2023-01-01_2023-12-31.csv: 173 days, 58/58 sensors with data, 69% of day-cells have a retrieval
  seed 3: OURS mae=4.487 rmse=7.002 r2=0.700 corr=0.847 (n=90013)   IDW mae=4.175
[aod] aod_points_2023-01-01_2023-12-31.csv: 173 days, 58/58 sensors with data, 69% of day-cells have a retrieval
  seed 4: OURS mae=4.620 rmse=7.321 r2=0.631 corr=0.813 (n=95872)   IDW mae=4.385
[aod] aod_points_2023-01-01_2023-12-31.csv: 173 days, 58/58 sensors with data, 69% of day-cells have a retrieval
  seed 5: OURS mae=5.260 rmse=8.845 r2=0.611 corr=0.822 (n=85710)   IDW mae=5.403
[aod] aod_points_2023-01-01_2023-12-31.csv: 173 days, 58/58 sensors with data, 69% of day-cells have a retrieval
  seed 6: OURS mae=5.182 rmse=8.750 r2=0.520 corr=0.730 (n=96731)   IDW mae=5.412
[aod] aod_points_2023-01-01_2023-12-31.csv: 173 days, 58/58 sensors with data, 69% of day-cells have a retrieval
  seed 7: OURS mae=5.678 rmse=9.472 r2=0.335 corr=0.637 (n=86756)   IDW mae=5.786

====================================================================
INDUCTIVE KRIGING  city=pittsburgh  split(train/val/test)=(39, 6, 13)  seeds=[0, 1, 2, 3, 4, 5, 6, 7]
====================================================================
OURS (GraPhyNet)      MAE=5.037±0.348  RMSE=8.146  R2=0.574  corr=0.775
IDW baseline          MAE=5.027±0.543  RMSE=8.269  R2=0.556  corr=0.761
GraPhy (paper)        MAE=2.380   (Fresno, 41 sensors, Oct23-Jan24)
====================================================================
