[repro] city=fresno_dense_abc wind=zero hidden=16 layers=4 epochs=120 elev_feat=False elev_gate=False temp_gate=False
[preprocess] despike: masked 694/70824 spike cells (0.98%) > 6 robust-sigma from a 13h rolling median -> treated as not observed
[preprocess] spatial-qa: masked 57/70824 cells (0.08%) > 8 cross-sensor robust-z from the hourly network median -> not observed
[preprocess] masked 0/70824 implausible cells (0.00%) outside [0, 500] ug/m3 -> treated as not observed
[preprocess] sensors: 24 -> 22 kept  (threshold=40% yearly coverage)
[preprocess] dropped full-year duds (coverage): [('18625', 0.0), ('124099', 0.356)]
[preprocess] observed cells: 58411/64922 (90.0%) -> only these can enter the loss; the rest are filled inputs (zero), never targets
[wind] source=zero -> convection inert (distance only)
[subsample] density sweep -> kept 18 sensors (subsample_seed=1)
[graph] set='urban'  nodes=18  edges=108  timesteps=2951  has_wind=False  has_temp=False
[warn] STRICT_INPUTS off: wind is missing -> zero-filled (convection runs on distance only)
  seed 0: OURS mae=2.804 rmse=4.121 r2=0.830 corr=0.914 (n=11502)   IDW mae=3.104
  seed 1: OURS mae=2.318 rmse=3.634 r2=0.880 corr=0.939 (n=11589)   IDW mae=2.474
  seed 2: OURS mae=4.190 rmse=5.913 r2=0.729 corr=0.922 (n=11553)   IDW mae=3.929
  seed 3: OURS mae=2.530 rmse=4.237 r2=0.881 corr=0.941 (n=10111)   IDW mae=2.710
  seed 4: OURS mae=3.713 rmse=5.853 r2=0.781 corr=0.889 (n=10877)   IDW mae=3.521
  seed 5: OURS mae=4.400 rmse=6.402 r2=0.373 corr=0.868 (n=11494)   IDW mae=4.104
  seed 6: OURS mae=2.595 rmse=3.800 r2=0.857 corr=0.927 (n=11600)   IDW mae=3.053
  seed 7: OURS mae=3.464 rmse=5.370 r2=0.828 corr=0.910 (n=9409)   IDW mae=3.781

====================================================================
INDUCTIVE KRIGING  city=fresno_dense_abc  split(train/val/test)=(12, 2, 4)  seeds=[0, 1, 2, 3, 4, 5, 6, 7]
====================================================================
OURS (GraPhyNet)      MAE=3.252±0.748  RMSE=4.916  R2=0.770  corr=0.914
IDW baseline          MAE=3.334±0.553  RMSE=4.985  R2=0.770  corr=0.911
GraPhy (paper)        MAE=2.380   (Fresno, 41 sensors, Oct23-Jan24)
====================================================================
