[repro] city=fresno_dense_abc wind=zero hidden=16 layers=4 epochs=120 elev_feat=False elev_gate=False temp_gate=False
[preprocess] despike: masked 694/70824 spike cells (0.98%) > 6 robust-sigma from a 13h rolling median -> treated as not observed
[preprocess] spatial-qa: masked 57/70824 cells (0.08%) > 8 cross-sensor robust-z from the hourly network median -> not observed
[preprocess] masked 0/70824 implausible cells (0.00%) outside [0, 500] ug/m3 -> treated as not observed
[preprocess] sensors: 24 -> 22 kept  (threshold=40% yearly coverage)
[preprocess] dropped full-year duds (coverage): [('18625', 0.0), ('124099', 0.356)]
[preprocess] observed cells: 58411/64922 (90.0%) -> only these can enter the loss; the rest are filled inputs (zero), never targets
[wind] source=zero -> convection inert (distance only)
[subsample] density sweep -> kept 8 sensors (subsample_seed=1)
[graph] set='urban'  nodes=8  edges=48  timesteps=2951  has_wind=False  has_temp=False
[warn] STRICT_INPUTS off: wind is missing -> zero-filled (convection runs on distance only)
  seed 0: OURS mae=5.114 rmse=7.198 r2=0.209 corr=0.890 (n=5785)   IDW mae=4.868
  seed 1: OURS mae=5.097 rmse=7.366 r2=0.707 corr=0.944 (n=5784)   IDW mae=4.774
  seed 2: OURS mae=3.221 rmse=5.349 r2=0.796 corr=0.909 (n=5768)   IDW mae=4.120
  seed 3: OURS mae=3.117 rmse=4.600 r2=0.830 corr=0.932 (n=5770)   IDW mae=3.448
  seed 4: OURS mae=6.500 rmse=8.690 r2=-0.775 corr=0.817 (n=5827)   IDW mae=5.983
  seed 5: OURS mae=6.054 rmse=7.437 r2=0.387 corr=0.909 (n=5800)   IDW mae=5.349
  seed 6: OURS mae=3.579 rmse=5.563 r2=0.622 corr=0.812 (n=5831)   IDW mae=3.545
  seed 7: OURS mae=6.595 rmse=9.722 r2=0.527 corr=0.902 (n=5702)   IDW mae=5.710

====================================================================
INDUCTIVE KRIGING  city=fresno_dense_abc  split(train/val/test)=(5, 1, 2)  seeds=[0, 1, 2, 3, 4, 5, 6, 7]
====================================================================
OURS (GraPhyNet)      MAE=4.910±1.351  RMSE=6.991  R2=0.413  corr=0.889
IDW baseline          MAE=4.724±0.891  RMSE=6.830  R2=0.445  corr=0.882
GraPhy (paper)        MAE=2.380   (Fresno, 41 sensors, Oct23-Jan24)
====================================================================
