[repro] city=fresno_dense_abc wind=zero hidden=16 layers=4 epochs=120 elev_feat=False elev_gate=False temp_gate=False
[preprocess] despike: masked 694/70824 spike cells (0.98%) > 6 robust-sigma from a 13h rolling median -> treated as not observed
[preprocess] spatial-qa: masked 57/70824 cells (0.08%) > 8 cross-sensor robust-z from the hourly network median -> not observed
[preprocess] masked 0/70824 implausible cells (0.00%) outside [0, 500] ug/m3 -> treated as not observed
[preprocess] sensors: 24 -> 22 kept  (threshold=40% yearly coverage)
[preprocess] dropped full-year duds (coverage): [('18625', 0.0), ('124099', 0.356)]
[preprocess] observed cells: 58411/64922 (90.0%) -> only these can enter the loss; the rest are filled inputs (zero), never targets
[wind] source=zero -> convection inert (distance only)
[subsample] density sweep -> kept 16 sensors (subsample_seed=1)
[graph] set='urban'  nodes=16  edges=100  timesteps=2951  has_wind=False  has_temp=False
[warn] STRICT_INPUTS off: wind is missing -> zero-filled (convection runs on distance only)
  seed 0: OURS mae=3.734 rmse=5.655 r2=0.811 corr=0.903 (n=10351)   IDW mae=3.534
  seed 1: OURS mae=2.561 rmse=3.826 r2=0.865 corr=0.935 (n=10489)   IDW mae=2.581
  seed 2: OURS mae=3.342 rmse=5.274 r2=0.760 corr=0.913 (n=10932)   IDW mae=3.503
  seed 3: OURS mae=3.092 rmse=4.734 r2=0.819 corr=0.905 (n=10586)   IDW mae=3.387
  seed 4: OURS mae=2.995 rmse=4.596 r2=0.850 corr=0.923 (n=11610)   IDW mae=3.153
  seed 5: OURS mae=3.484 rmse=5.475 r2=0.831 corr=0.947 (n=9871)   IDW mae=3.186
  seed 6: OURS mae=5.003 rmse=6.992 r2=0.513 corr=0.858 (n=9310)   IDW mae=5.182
  seed 7: OURS mae=4.522 rmse=6.582 r2=0.737 corr=0.876 (n=10327)   IDW mae=4.469

====================================================================
INDUCTIVE KRIGING  city=fresno_dense_abc  split(train/val/test)=(10, 2, 4)  seeds=[0, 1, 2, 3, 4, 5, 6, 7]
====================================================================
OURS (GraPhyNet)      MAE=3.592±0.760  RMSE=5.392  R2=0.773  corr=0.907
IDW baseline          MAE=3.624±0.768  RMSE=5.377  R2=0.770  corr=0.909
GraPhy (paper)        MAE=2.380   (Fresno, 41 sensors, Oct23-Jan24)
====================================================================
