[repro] city=fresno_dense_abc wind=zero hidden=16 layers=4 epochs=120 elev_feat=False elev_gate=False temp_gate=False
[preprocess] despike: masked 694/70824 spike cells (0.98%) > 6 robust-sigma from a 13h rolling median -> treated as not observed
[preprocess] spatial-qa: masked 57/70824 cells (0.08%) > 8 cross-sensor robust-z from the hourly network median -> not observed
[preprocess] masked 0/70824 implausible cells (0.00%) outside [0, 500] ug/m3 -> treated as not observed
[preprocess] sensors: 24 -> 22 kept  (threshold=40% yearly coverage)
[preprocess] dropped full-year duds (coverage): [('18625', 0.0), ('124099', 0.356)]
[preprocess] observed cells: 58411/64922 (90.0%) -> only these can enter the loss; the rest are filled inputs (zero), never targets
[wind] source=zero -> convection inert (distance only)
[subsample] density sweep -> kept 6 sensors (subsample_seed=2)
[graph] set='urban'  nodes=6  edges=30  timesteps=2951  has_wind=False  has_temp=False
[warn] STRICT_INPUTS off: wind is missing -> zero-filled (convection runs on distance only)
  seed 0: OURS mae=4.809 rmse=6.288 r2=0.872 corr=0.944 (n=1387)   IDW mae=3.175
  seed 1: OURS mae=3.713 rmse=5.519 r2=0.746 corr=0.924 (n=2914)   IDW mae=5.656
  seed 2: OURS mae=4.607 rmse=6.010 r2=0.883 corr=0.951 (n=1387)   IDW mae=3.231
  seed 3: OURS mae=3.889 rmse=6.006 r2=0.780 corr=0.931 (n=2659)   IDW mae=3.179
  seed 4: OURS mae=8.127 rmse=11.289 r2=0.556 corr=0.751 (n=2853)   IDW mae=6.153
  seed 5: OURS mae=5.348 rmse=7.199 r2=0.819 corr=0.912 (n=2853)   IDW mae=5.787
  seed 6: OURS mae=3.518 rmse=5.626 r2=0.807 corr=0.935 (n=2659)   IDW mae=2.973
  seed 7: OURS mae=2.948 rmse=4.629 r2=0.827 corr=0.932 (n=2925)   IDW mae=2.623

====================================================================
INDUCTIVE KRIGING  city=fresno_dense_abc  split(train/val/test)=(4, 1, 1)  seeds=[0, 1, 2, 3, 4, 5, 6, 7]
====================================================================
OURS (GraPhyNet)      MAE=4.620±1.510  RMSE=6.571  R2=0.786  corr=0.910
IDW baseline          MAE=4.097±1.387  RMSE=6.329  R2=0.787  corr=0.930
GraPhy (paper)        MAE=2.380   (Fresno, 41 sensors, Oct23-Jan24)
====================================================================
