[repro] city=fresno_dense_abc wind=zero hidden=16 layers=4 epochs=120 elev_feat=False elev_gate=False temp_gate=False
[preprocess] despike: masked 694/70824 spike cells (0.98%) > 6 robust-sigma from a 13h rolling median -> treated as not observed
[preprocess] spatial-qa: masked 57/70824 cells (0.08%) > 8 cross-sensor robust-z from the hourly network median -> not observed
[preprocess] masked 0/70824 implausible cells (0.00%) outside [0, 500] ug/m3 -> treated as not observed
[preprocess] sensors: 24 -> 22 kept  (threshold=40% yearly coverage)
[preprocess] dropped full-year duds (coverage): [('18625', 0.0), ('124099', 0.356)]
[preprocess] observed cells: 58411/64922 (90.0%) -> only these can enter the loss; the rest are filled inputs (zero), never targets
[wind] source=zero -> convection inert (distance only)
[subsample] density sweep -> kept 20 sensors (subsample_seed=2)
[graph] set='urban'  nodes=20  edges=134  timesteps=2951  has_wind=False  has_temp=False
[warn] STRICT_INPUTS off: wind is missing -> zero-filled (convection runs on distance only)
  seed 0: OURS mae=4.396 rmse=7.425 r2=0.707 corr=0.891 (n=11582)   IDW mae=4.271
  seed 1: OURS mae=2.506 rmse=3.524 r2=0.871 corr=0.948 (n=11566)   IDW mae=2.011
  seed 2: OURS mae=3.581 rmse=5.543 r2=0.762 corr=0.889 (n=11553)   IDW mae=3.311
  seed 3: OURS mae=2.358 rmse=3.569 r2=0.894 corr=0.961 (n=10913)   IDW mae=2.444
  seed 4: OURS mae=3.341 rmse=5.276 r2=0.822 corr=0.933 (n=9887)   IDW mae=2.970
  seed 5: OURS mae=3.847 rmse=5.706 r2=0.629 corr=0.880 (n=10151)   IDW mae=3.868
  seed 6: OURS mae=2.363 rmse=3.873 r2=0.885 corr=0.950 (n=11587)   IDW mae=2.555
  seed 7: OURS mae=3.010 rmse=4.395 r2=0.833 corr=0.932 (n=9767)   IDW mae=2.953

====================================================================
INDUCTIVE KRIGING  city=fresno_dense_abc  split(train/val/test)=(14, 2, 4)  seeds=[0, 1, 2, 3, 4, 5, 6, 7]
====================================================================
OURS (GraPhyNet)      MAE=3.175±0.701  RMSE=4.914  R2=0.800  corr=0.923
IDW baseline          MAE=3.048±0.701  RMSE=4.650  R2=0.820  corr=0.936
GraPhy (paper)        MAE=2.380   (Fresno, 41 sensors, Oct23-Jan24)
====================================================================
