[repro] city=fresno_dense_abc wind=zero hidden=16 layers=4 epochs=120 elev_feat=False elev_gate=False temp_gate=False
[preprocess] despike: masked 694/70824 spike cells (0.98%) > 6 robust-sigma from a 13h rolling median -> treated as not observed
[preprocess] spatial-qa: masked 57/70824 cells (0.08%) > 8 cross-sensor robust-z from the hourly network median -> not observed
[preprocess] masked 0/70824 implausible cells (0.00%) outside [0, 500] ug/m3 -> treated as not observed
[preprocess] sensors: 24 -> 22 kept  (threshold=40% yearly coverage)
[preprocess] dropped full-year duds (coverage): [('18625', 0.0), ('124099', 0.356)]
[preprocess] observed cells: 58411/64922 (90.0%) -> only these can enter the loss; the rest are filled inputs (zero), never targets
[wind] source=zero -> convection inert (distance only)
[subsample] density sweep -> kept 10 sensors (subsample_seed=1)
[graph] set='urban'  nodes=10  edges=64  timesteps=2951  has_wind=False  has_temp=False
[warn] STRICT_INPUTS off: wind is missing -> zero-filled (convection runs on distance only)
  seed 0: OURS mae=4.391 rmse=6.233 r2=0.567 corr=0.835 (n=4742)   IDW mae=4.297
  seed 1: OURS mae=3.521 rmse=5.297 r2=0.444 corr=0.759 (n=5830)   IDW mae=3.151
  seed 2: OURS mae=5.753 rmse=8.997 r2=0.602 corr=0.923 (n=5518)   IDW mae=5.145
  seed 3: OURS mae=3.567 rmse=5.265 r2=0.743 corr=0.903 (n=4763)   IDW mae=3.716
  seed 4: OURS mae=4.329 rmse=7.160 r2=0.713 corr=0.931 (n=5780)   IDW mae=4.231
  seed 5: OURS mae=5.755 rmse=8.167 r2=0.287 corr=0.830 (n=4723)   IDW mae=2.497
  seed 6: OURS mae=7.725 rmse=10.475 r2=0.191 corr=0.833 (n=4495)   IDW mae=5.236
  seed 7: OURS mae=4.236 rmse=6.502 r2=0.754 corr=0.901 (n=5783)   IDW mae=4.062

====================================================================
INDUCTIVE KRIGING  city=fresno_dense_abc  split(train/val/test)=(7, 1, 2)  seeds=[0, 1, 2, 3, 4, 5, 6, 7]
====================================================================
OURS (GraPhyNet)      MAE=4.910±1.330  RMSE=7.262  R2=0.537  corr=0.864
IDW baseline          MAE=4.042±0.868  RMSE=6.012  R2=0.692  corr=0.887
GraPhy (paper)        MAE=2.380   (Fresno, 41 sensors, Oct23-Jan24)
====================================================================
