[repro] city=fresno_dense_abc wind=zero hidden=16 layers=4 epochs=120 elev_feat=False elev_gate=False temp_gate=False
[preprocess] despike: masked 694/70824 spike cells (0.98%) > 6 robust-sigma from a 13h rolling median -> treated as not observed
[preprocess] spatial-qa: masked 57/70824 cells (0.08%) > 8 cross-sensor robust-z from the hourly network median -> not observed
[preprocess] masked 0/70824 implausible cells (0.00%) outside [0, 500] ug/m3 -> treated as not observed
[preprocess] sensors: 24 -> 22 kept  (threshold=40% yearly coverage)
[preprocess] dropped full-year duds (coverage): [('18625', 0.0), ('124099', 0.356)]
[preprocess] observed cells: 58411/64922 (90.0%) -> only these can enter the loss; the rest are filled inputs (zero), never targets
[wind] source=zero -> convection inert (distance only)
[subsample] density sweep -> kept 16 sensors (subsample_seed=0)
[graph] set='urban'  nodes=16  edges=92  timesteps=2951  has_wind=False  has_temp=False
[warn] STRICT_INPUTS off: wind is missing -> zero-filled (convection runs on distance only)
  seed 0: OURS mae=4.708 rmse=7.695 r2=0.649 corr=0.835 (n=10351)   IDW mae=4.517
  seed 1: OURS mae=2.285 rmse=3.270 r2=0.880 corr=0.941 (n=11151)   IDW mae=2.889
  seed 2: OURS mae=2.590 rmse=4.006 r2=0.870 corr=0.937 (n=10949)   IDW mae=2.409
  seed 3: OURS mae=3.553 rmse=5.254 r2=0.777 corr=0.897 (n=10594)   IDW mae=3.421
  seed 4: OURS mae=2.784 rmse=4.232 r2=0.872 corr=0.938 (n=11618)   IDW mae=3.318
  seed 5: OURS mae=3.972 rmse=5.906 r2=0.793 corr=0.916 (n=10533)   IDW mae=4.414
  seed 6: OURS mae=3.113 rmse=4.557 r2=0.832 corr=0.918 (n=9898)   IDW mae=3.440
  seed 7: OURS mae=4.180 rmse=7.293 r2=0.702 corr=0.846 (n=10915)   IDW mae=4.503

====================================================================
INDUCTIVE KRIGING  city=fresno_dense_abc  split(train/val/test)=(10, 2, 4)  seeds=[0, 1, 2, 3, 4, 5, 6, 7]
====================================================================
OURS (GraPhyNet)      MAE=3.398±0.793  RMSE=5.277  R2=0.797  corr=0.904
IDW baseline          MAE=3.614±0.740  RMSE=5.474  R2=0.783  corr=0.898
GraPhy (paper)        MAE=2.380   (Fresno, 41 sensors, Oct23-Jan24)
====================================================================
