[repro] city=fresno_dense_abc wind=zero hidden=16 layers=4 epochs=120 elev_feat=False elev_gate=False temp_gate=False
[preprocess] despike: masked 694/70824 spike cells (0.98%) > 6 robust-sigma from a 13h rolling median -> treated as not observed
[preprocess] spatial-qa: masked 57/70824 cells (0.08%) > 8 cross-sensor robust-z from the hourly network median -> not observed
[preprocess] masked 0/70824 implausible cells (0.00%) outside [0, 500] ug/m3 -> treated as not observed
[preprocess] sensors: 24 -> 22 kept  (threshold=40% yearly coverage)
[preprocess] dropped full-year duds (coverage): [('18625', 0.0), ('124099', 0.356)]
[preprocess] observed cells: 58411/64922 (90.0%) -> only these can enter the loss; the rest are filled inputs (zero), never targets
[wind] source=zero -> convection inert (distance only)
[subsample] density sweep -> kept 8 sensors (subsample_seed=2)
[graph] set='urban'  nodes=8  edges=48  timesteps=2951  has_wind=False  has_temp=False
[warn] STRICT_INPUTS off: wind is missing -> zero-filled (convection runs on distance only)
  seed 0: OURS mae=6.998 rmse=10.696 r2=0.440 corr=0.708 (n=5759)   IDW mae=6.904
  seed 1: OURS mae=5.959 rmse=7.724 r2=0.477 corr=0.933 (n=5182)   IDW mae=2.717
  seed 2: OURS mae=4.220 rmse=5.678 r2=0.734 corr=0.937 (n=5148)   IDW mae=2.850
  seed 3: OURS mae=2.713 rmse=3.961 r2=0.835 corr=0.924 (n=5272)   IDW mae=3.074
  seed 4: OURS mae=5.045 rmse=7.457 r2=0.746 corr=0.891 (n=5774)   IDW mae=6.401
  seed 5: OURS mae=5.330 rmse=7.352 r2=-0.270 corr=0.833 (n=5827)   IDW mae=5.553
  seed 6: OURS mae=7.962 rmse=12.221 r2=0.369 corr=0.834 (n=5122)   IDW mae=8.264
  seed 7: OURS mae=5.138 rmse=6.953 r2=0.507 corr=0.878 (n=5792)   IDW mae=3.832

====================================================================
INDUCTIVE KRIGING  city=fresno_dense_abc  split(train/val/test)=(5, 1, 2)  seeds=[0, 1, 2, 3, 4, 5, 6, 7]
====================================================================
OURS (GraPhyNet)      MAE=5.421±1.510  RMSE=7.755  R2=0.480  corr=0.867
IDW baseline          MAE=4.949±1.982  RMSE=7.255  R2=0.531  corr=0.875
GraPhy (paper)        MAE=2.380   (Fresno, 41 sensors, Oct23-Jan24)
====================================================================
