[repro] city=fresno_dense_abc wind=zero hidden=16 layers=4 epochs=120 elev_feat=False elev_gate=False temp_gate=False
[preprocess] despike: masked 694/70824 spike cells (0.98%) > 6 robust-sigma from a 13h rolling median -> treated as not observed
[preprocess] spatial-qa: masked 57/70824 cells (0.08%) > 8 cross-sensor robust-z from the hourly network median -> not observed
[preprocess] masked 0/70824 implausible cells (0.00%) outside [0, 500] ug/m3 -> treated as not observed
[preprocess] sensors: 24 -> 22 kept  (threshold=40% yearly coverage)
[preprocess] dropped full-year duds (coverage): [('18625', 0.0), ('124099', 0.356)]
[preprocess] observed cells: 58411/64922 (90.0%) -> only these can enter the loss; the rest are filled inputs (zero), never targets
[wind] source=zero -> convection inert (distance only)
[subsample] density sweep -> kept 12 sensors (subsample_seed=2)
[graph] set='urban'  nodes=12  edges=76  timesteps=2951  has_wind=False  has_temp=False
[warn] STRICT_INPUTS off: wind is missing -> zero-filled (convection runs on distance only)
  seed 0: OURS mae=3.790 rmse=6.137 r2=0.814 corr=0.953 (n=8688)   IDW mae=3.499
  seed 1: OURS mae=3.433 rmse=5.365 r2=0.704 corr=0.876 (n=8142)   IDW mae=3.474
  seed 2: OURS mae=3.180 rmse=5.131 r2=0.857 corr=0.957 (n=8691)   IDW mae=3.041
  seed 3: OURS mae=4.468 rmse=6.892 r2=0.776 corr=0.949 (n=8606)   IDW mae=3.585
  seed 4: OURS mae=3.315 rmse=5.023 r2=0.684 corr=0.860 (n=8054)   IDW mae=3.415
  seed 5: OURS mae=2.547 rmse=3.876 r2=0.874 corr=0.937 (n=8516)   IDW mae=2.746
  seed 6: OURS mae=4.924 rmse=7.439 r2=-0.002 corr=0.798 (n=8186)   IDW mae=5.009
  seed 7: OURS mae=5.022 rmse=7.407 r2=0.115 corr=0.859 (n=8672)   IDW mae=4.943

====================================================================
INDUCTIVE KRIGING  city=fresno_dense_abc  split(train/val/test)=(8, 1, 3)  seeds=[0, 1, 2, 3, 4, 5, 6, 7]
====================================================================
OURS (GraPhyNet)      MAE=3.835±0.831  RMSE=5.909  R2=0.603  corr=0.899
IDW baseline          MAE=3.714±0.773  RMSE=5.710  R2=0.610  corr=0.901
GraPhy (paper)        MAE=2.380   (Fresno, 41 sensors, Oct23-Jan24)
====================================================================
