[repro] city=fresno_dense_abc wind=zero hidden=16 layers=4 epochs=120 elev_feat=False elev_gate=False temp_gate=False
[preprocess] despike: masked 694/70824 spike cells (0.98%) > 6 robust-sigma from a 13h rolling median -> treated as not observed
[preprocess] spatial-qa: masked 57/70824 cells (0.08%) > 8 cross-sensor robust-z from the hourly network median -> not observed
[preprocess] masked 0/70824 implausible cells (0.00%) outside [0, 500] ug/m3 -> treated as not observed
[preprocess] sensors: 24 -> 22 kept  (threshold=40% yearly coverage)
[preprocess] dropped full-year duds (coverage): [('18625', 0.0), ('124099', 0.356)]
[preprocess] observed cells: 58411/64922 (90.0%) -> only these can enter the loss; the rest are filled inputs (zero), never targets
[wind] source=zero -> convection inert (distance only)
[subsample] density sweep -> kept 14 sensors (subsample_seed=0)
[graph] set='urban'  nodes=14  edges=88  timesteps=2951  has_wind=False  has_temp=False
[warn] STRICT_INPUTS off: wind is missing -> zero-filled (convection runs on distance only)
  seed 0: OURS mae=3.350 rmse=4.842 r2=0.837 corr=0.921 (n=8528)   IDW mae=3.645
  seed 1: OURS mae=2.871 rmse=4.967 r2=0.767 corr=0.882 (n=8729)   IDW mae=2.902
  seed 2: OURS mae=3.757 rmse=5.412 r2=0.822 corr=0.929 (n=7616)   IDW mae=4.340
  seed 3: OURS mae=2.554 rmse=4.008 r2=0.861 corr=0.941 (n=8676)   IDW mae=2.518
  seed 4: OURS mae=3.232 rmse=4.813 r2=0.825 corr=0.947 (n=7659)   IDW mae=3.331
  seed 5: OURS mae=3.135 rmse=4.693 r2=0.815 corr=0.928 (n=8537)   IDW mae=3.255
  seed 6: OURS mae=2.833 rmse=4.489 r2=0.886 corr=0.943 (n=7445)   IDW mae=3.091
  seed 7: OURS mae=3.178 rmse=4.514 r2=0.799 corr=0.915 (n=6238)   IDW mae=3.051

====================================================================
INDUCTIVE KRIGING  city=fresno_dense_abc  split(train/val/test)=(10, 1, 3)  seeds=[0, 1, 2, 3, 4, 5, 6, 7]
====================================================================
OURS (GraPhyNet)      MAE=3.114±0.343  RMSE=4.717  R2=0.826  corr=0.926
IDW baseline          MAE=3.266±0.509  RMSE=4.845  R2=0.819  corr=0.922
GraPhy (paper)        MAE=2.380   (Fresno, 41 sensors, Oct23-Jan24)
====================================================================
