[repro] city=fresno_dense_abc wind=zero hidden=16 layers=4 epochs=120 elev_feat=False elev_gate=False temp_gate=False
[preprocess] despike: masked 694/70824 spike cells (0.98%) > 6 robust-sigma from a 13h rolling median -> treated as not observed
[preprocess] spatial-qa: masked 57/70824 cells (0.08%) > 8 cross-sensor robust-z from the hourly network median -> not observed
[preprocess] masked 0/70824 implausible cells (0.00%) outside [0, 500] ug/m3 -> treated as not observed
[preprocess] sensors: 24 -> 22 kept  (threshold=40% yearly coverage)
[preprocess] dropped full-year duds (coverage): [('18625', 0.0), ('124099', 0.356)]
[preprocess] observed cells: 58411/64922 (90.0%) -> only these can enter the loss; the rest are filled inputs (zero), never targets
[wind] source=zero -> convection inert (distance only)
[subsample] density sweep -> kept 12 sensors (subsample_seed=1)
[graph] set='urban'  nodes=12  edges=74  timesteps=2951  has_wind=False  has_temp=False
[warn] STRICT_INPUTS off: wind is missing -> zero-filled (convection runs on distance only)
  seed 0: OURS mae=4.123 rmse=6.784 r2=0.726 corr=0.875 (n=8133)   IDW mae=3.529
  seed 1: OURS mae=3.132 rmse=4.731 r2=0.846 corr=0.949 (n=8733)   IDW mae=3.073
  seed 2: OURS mae=4.385 rmse=6.855 r2=0.782 corr=0.914 (n=8599)   IDW mae=3.396
  seed 3: OURS mae=3.304 rmse=5.034 r2=0.856 corr=0.926 (n=8173)   IDW mae=3.334
  seed 4: OURS mae=3.229 rmse=5.032 r2=0.842 corr=0.924 (n=8705)   IDW mae=2.845
  seed 5: OURS mae=2.950 rmse=4.467 r2=0.718 corr=0.933 (n=8735)   IDW mae=3.072
  seed 6: OURS mae=2.724 rmse=5.207 r2=0.811 corr=0.928 (n=8730)   IDW mae=2.535
  seed 7: OURS mae=3.266 rmse=5.685 r2=0.797 corr=0.913 (n=8715)   IDW mae=2.725

====================================================================
INDUCTIVE KRIGING  city=fresno_dense_abc  split(train/val/test)=(8, 1, 3)  seeds=[0, 1, 2, 3, 4, 5, 6, 7]
====================================================================
OURS (GraPhyNet)      MAE=3.389±0.534  RMSE=5.474  R2=0.797  corr=0.920
IDW baseline          MAE=3.064±0.325  RMSE=5.009  R2=0.826  corr=0.933
GraPhy (paper)        MAE=2.380   (Fresno, 41 sensors, Oct23-Jan24)
====================================================================
