[repro] city=fresno_dense_abc wind=zero hidden=16 layers=4 epochs=120 elev_feat=False elev_gate=False temp_gate=False
[preprocess] despike: masked 694/70824 spike cells (0.98%) > 6 robust-sigma from a 13h rolling median -> treated as not observed
[preprocess] spatial-qa: masked 57/70824 cells (0.08%) > 8 cross-sensor robust-z from the hourly network median -> not observed
[preprocess] masked 0/70824 implausible cells (0.00%) outside [0, 500] ug/m3 -> treated as not observed
[preprocess] sensors: 24 -> 22 kept  (threshold=40% yearly coverage)
[preprocess] dropped full-year duds (coverage): [('18625', 0.0), ('124099', 0.356)]
[preprocess] observed cells: 58411/64922 (90.0%) -> only these can enter the loss; the rest are filled inputs (zero), never targets
[wind] source=zero -> convection inert (distance only)
[subsample] density sweep -> kept 6 sensors (subsample_seed=0)
[graph] set='urban'  nodes=6  edges=30  timesteps=2951  has_wind=False  has_temp=False
[warn] STRICT_INPUTS off: wind is missing -> zero-filled (convection runs on distance only)
  seed 0: OURS mae=5.084 rmse=5.878 r2=0.754 corr=0.961 (n=2269)   IDW mae=2.410
  seed 1: OURS mae=7.250 rmse=10.101 r2=-0.665 corr=0.817 (n=2923)   IDW mae=6.773
  seed 2: OURS mae=3.472 rmse=4.341 r2=0.866 corr=0.967 (n=2269)   IDW mae=2.938
  seed 3: OURS mae=4.735 rmse=7.974 r2=0.691 corr=0.901 (n=2881)   IDW mae=3.519
  seed 4: OURS mae=4.421 rmse=6.614 r2=0.733 corr=0.929 (n=2659)   IDW mae=3.651
  seed 5: OURS mae=3.165 rmse=5.004 r2=0.847 corr=0.922 (n=2659)   IDW mae=3.194
  seed 6: OURS mae=4.155 rmse=7.014 r2=0.761 corr=0.901 (n=2881)   IDW mae=3.763
  seed 7: OURS mae=2.719 rmse=3.683 r2=0.887 corr=0.946 (n=2914)   IDW mae=5.428

====================================================================
INDUCTIVE KRIGING  city=fresno_dense_abc  split(train/val/test)=(4, 1, 1)  seeds=[0, 1, 2, 3, 4, 5, 6, 7]
====================================================================
OURS (GraPhyNet)      MAE=4.375±1.322  RMSE=6.326  R2=0.609  corr=0.918
IDW baseline          MAE=3.960±1.343  RMSE=5.978  R2=0.635  corr=0.923
GraPhy (paper)        MAE=2.380   (Fresno, 41 sensors, Oct23-Jan24)
====================================================================
