[repro] city=fresno_dense_abc wind=zero hidden=16 layers=4 epochs=120 elev_feat=False elev_gate=False temp_gate=False
[preprocess] despike: masked 694/70824 spike cells (0.98%) > 6 robust-sigma from a 13h rolling median -> treated as not observed
[preprocess] spatial-qa: masked 57/70824 cells (0.08%) > 8 cross-sensor robust-z from the hourly network median -> not observed
[preprocess] masked 0/70824 implausible cells (0.00%) outside [0, 500] ug/m3 -> treated as not observed
[preprocess] sensors: 24 -> 22 kept  (threshold=40% yearly coverage)
[preprocess] dropped full-year duds (coverage): [('18625', 0.0), ('124099', 0.356)]
[preprocess] observed cells: 58411/64922 (90.0%) -> only these can enter the loss; the rest are filled inputs (zero), never targets
[wind] source=zero -> convection inert (distance only)
[subsample] density sweep -> kept 10 sensors (subsample_seed=0)
[graph] set='urban'  nodes=10  edges=60  timesteps=2951  has_wind=False  has_temp=False
[warn] STRICT_INPUTS off: wind is missing -> zero-filled (convection runs on distance only)
  seed 0: OURS mae=3.209 rmse=5.027 r2=0.888 corr=0.944 (n=4046)   IDW mae=3.396
  seed 1: OURS mae=3.018 rmse=4.930 r2=0.831 corr=0.927 (n=5584)   IDW mae=2.846
  seed 2: OURS mae=3.411 rmse=5.671 r2=0.811 corr=0.905 (n=5607)   IDW mae=3.221
  seed 3: OURS mae=2.970 rmse=4.544 r2=0.887 corr=0.950 (n=4311)   IDW mae=3.131
  seed 4: OURS mae=4.216 rmse=6.732 r2=0.743 corr=0.903 (n=5772)   IDW mae=3.201
  seed 5: OURS mae=3.119 rmse=5.346 r2=0.845 corr=0.953 (n=4310)   IDW mae=2.743
  seed 6: OURS mae=3.947 rmse=6.893 r2=0.739 corr=0.865 (n=4135)   IDW mae=3.924
  seed 7: OURS mae=3.315 rmse=5.649 r2=0.828 corr=0.934 (n=5784)   IDW mae=3.315

====================================================================
INDUCTIVE KRIGING  city=fresno_dense_abc  split(train/val/test)=(7, 1, 2)  seeds=[0, 1, 2, 3, 4, 5, 6, 7]
====================================================================
OURS (GraPhyNet)      MAE=3.401±0.421  RMSE=5.599  R2=0.822  corr=0.923
IDW baseline          MAE=3.222±0.337  RMSE=5.211  R2=0.847  corr=0.930
GraPhy (paper)        MAE=2.380   (Fresno, 41 sensors, Oct23-Jan24)
====================================================================
