[repro] city=fresno_dense_abc wind=zero hidden=16 layers=4 epochs=120 elev_feat=False elev_gate=False temp_gate=False
[preprocess] despike: masked 694/70824 spike cells (0.98%) > 6 robust-sigma from a 13h rolling median -> treated as not observed
[preprocess] spatial-qa: masked 57/70824 cells (0.08%) > 8 cross-sensor robust-z from the hourly network median -> not observed
[preprocess] masked 0/70824 implausible cells (0.00%) outside [0, 500] ug/m3 -> treated as not observed
[preprocess] sensors: 24 -> 22 kept  (threshold=40% yearly coverage)
[preprocess] dropped full-year duds (coverage): [('18625', 0.0), ('124099', 0.356)]
[preprocess] observed cells: 58411/64922 (90.0%) -> only these can enter the loss; the rest are filled inputs (zero), never targets
[wind] source=zero -> convection inert (distance only)
[subsample] density sweep -> kept 12 sensors (subsample_seed=0)
[graph] set='urban'  nodes=12  edges=72  timesteps=2951  has_wind=False  has_temp=False
[warn] STRICT_INPUTS off: wind is missing -> zero-filled (convection runs on distance only)
  seed 0: OURS mae=2.675 rmse=4.324 r2=0.851 corr=0.925 (n=8583)   IDW mae=2.570
  seed 1: OURS mae=2.980 rmse=4.789 r2=0.852 corr=0.931 (n=8117)   IDW mae=3.166
  seed 2: OURS mae=2.850 rmse=4.541 r2=0.866 corr=0.937 (n=8532)   IDW mae=2.760
  seed 3: OURS mae=3.006 rmse=4.470 r2=0.854 corr=0.957 (n=8501)   IDW mae=2.943
  seed 4: OURS mae=3.554 rmse=5.244 r2=0.816 corr=0.918 (n=8165)   IDW mae=3.300
  seed 5: OURS mae=3.060 rmse=4.814 r2=0.816 corr=0.927 (n=8681)   IDW mae=2.355
  seed 6: OURS mae=2.799 rmse=4.335 r2=0.851 corr=0.950 (n=8161)   IDW mae=2.879
  seed 7: OURS mae=2.108 rmse=3.459 r2=0.917 corr=0.964 (n=8037)   IDW mae=2.400

====================================================================
INDUCTIVE KRIGING  city=fresno_dense_abc  split(train/val/test)=(8, 1, 3)  seeds=[0, 1, 2, 3, 4, 5, 6, 7]
====================================================================
OURS (GraPhyNet)      MAE=2.879±0.380  RMSE=4.497  R2=0.853  corr=0.938
IDW baseline          MAE=2.797±0.321  RMSE=4.299  R2=0.867  corr=0.943
GraPhy (paper)        MAE=2.380   (Fresno, 41 sensors, Oct23-Jan24)
====================================================================
