[repro] city=fresno_dense_abc wind=zero hidden=16 layers=4 epochs=120 elev_feat=False elev_gate=False temp_gate=False
[preprocess] despike: masked 694/70824 spike cells (0.98%) > 6 robust-sigma from a 13h rolling median -> treated as not observed
[preprocess] spatial-qa: masked 57/70824 cells (0.08%) > 8 cross-sensor robust-z from the hourly network median -> not observed
[preprocess] masked 0/70824 implausible cells (0.00%) outside [0, 500] ug/m3 -> treated as not observed
[preprocess] sensors: 24 -> 22 kept  (threshold=40% yearly coverage)
[preprocess] dropped full-year duds (coverage): [('18625', 0.0), ('124099', 0.356)]
[preprocess] observed cells: 58411/64922 (90.0%) -> only these can enter the loss; the rest are filled inputs (zero), never targets
[wind] source=zero -> convection inert (distance only)
[subsample] density sweep -> kept 8 sensors (subsample_seed=0)
[graph] set='urban'  nodes=8  edges=46  timesteps=2951  has_wind=False  has_temp=False
[warn] STRICT_INPUTS off: wind is missing -> zero-filled (convection runs on distance only)
  seed 0: OURS mae=8.612 rmse=12.719 r2=0.451 corr=0.876 (n=4240)   IDW mae=7.478
  seed 1: OURS mae=5.750 rmse=8.007 r2=0.684 corr=0.827 (n=4513)   IDW mae=6.010
  seed 2: OURS mae=5.776 rmse=7.281 r2=0.468 corr=0.929 (n=4533)   IDW mae=7.863
  seed 3: OURS mae=6.691 rmse=9.461 r2=0.056 corr=0.929 (n=5806)   IDW mae=5.240
  seed 4: OURS mae=5.747 rmse=8.566 r2=0.656 corr=0.912 (n=5766)   IDW mae=4.630
  seed 5: OURS mae=5.313 rmse=9.158 r2=0.558 corr=0.828 (n=4300)   IDW mae=4.380
  seed 6: OURS mae=6.571 rmse=9.441 r2=0.642 corr=0.817 (n=4507)   IDW mae=5.622
  seed 7: OURS mae=4.312 rmse=6.804 r2=0.745 corr=0.891 (n=5738)   IDW mae=4.310

====================================================================
INDUCTIVE KRIGING  city=fresno_dense_abc  split(train/val/test)=(5, 1, 2)  seeds=[0, 1, 2, 3, 4, 5, 6, 7]
====================================================================
OURS (GraPhyNet)      MAE=6.096±1.175  RMSE=8.930  R2=0.533  corr=0.876
IDW baseline          MAE=5.692±1.273  RMSE=8.270  R2=0.572  corr=0.879
GraPhy (paper)        MAE=2.380   (Fresno, 41 sensors, Oct23-Jan24)
====================================================================
