[repro] city=fresno_dense_abc wind=zero hidden=16 layers=4 epochs=120 elev_feat=False elev_gate=False temp_gate=False
[preprocess] despike: masked 694/70824 spike cells (0.98%) > 6 robust-sigma from a 13h rolling median -> treated as not observed
[preprocess] spatial-qa: masked 57/70824 cells (0.08%) > 8 cross-sensor robust-z from the hourly network median -> not observed
[preprocess] masked 0/70824 implausible cells (0.00%) outside [0, 500] ug/m3 -> treated as not observed
[preprocess] sensors: 24 -> 22 kept  (threshold=40% yearly coverage)
[preprocess] dropped full-year duds (coverage): [('18625', 0.0), ('124099', 0.356)]
[preprocess] observed cells: 58411/64922 (90.0%) -> only these can enter the loss; the rest are filled inputs (zero), never targets
[wind] source=zero -> convection inert (distance only)
[subsample] density sweep -> kept 6 sensors (subsample_seed=1)
[graph] set='urban'  nodes=6  edges=30  timesteps=2951  has_wind=False  has_temp=False
[warn] STRICT_INPUTS off: wind is missing -> zero-filled (convection runs on distance only)
  seed 0: OURS mae=2.972 rmse=4.170 r2=0.876 corr=0.940 (n=2269)   IDW mae=2.573
  seed 1: OURS mae=4.023 rmse=6.043 r2=0.695 corr=0.901 (n=2914)   IDW mae=3.045
  seed 2: OURS mae=3.309 rmse=4.705 r2=0.842 corr=0.942 (n=2269)   IDW mae=4.181
  seed 3: OURS mae=7.261 rmse=10.546 r2=0.640 corr=0.928 (n=1387)   IDW mae=6.221
  seed 4: OURS mae=4.629 rmse=6.674 r2=0.243 corr=0.866 (n=2748)   IDW mae=5.153
  seed 5: OURS mae=5.806 rmse=8.004 r2=-0.089 corr=0.865 (n=2748)   IDW mae=5.862
  seed 6: OURS mae=8.174 rmse=12.209 r2=0.518 corr=0.892 (n=1387)   IDW mae=6.486
  seed 7: OURS mae=2.334 rmse=3.393 r2=0.854 corr=0.928 (n=2924)   IDW mae=2.904

====================================================================
INDUCTIVE KRIGING  city=fresno_dense_abc  split(train/val/test)=(4, 1, 1)  seeds=[0, 1, 2, 3, 4, 5, 6, 7]
====================================================================
OURS (GraPhyNet)      MAE=4.813±1.960  RMSE=6.968  R2=0.572  corr=0.908
IDW baseline          MAE=4.553±1.485  RMSE=6.785  R2=0.554  corr=0.910
GraPhy (paper)        MAE=2.380   (Fresno, 41 sensors, Oct23-Jan24)
====================================================================
