[repro] city=fresno_dense_abc wind=zero hidden=16 layers=4 epochs=120 elev_feat=False elev_gate=False temp_gate=False
[preprocess] despike: masked 694/70824 spike cells (0.98%) > 6 robust-sigma from a 13h rolling median -> treated as not observed
[preprocess] spatial-qa: masked 57/70824 cells (0.08%) > 8 cross-sensor robust-z from the hourly network median -> not observed
[preprocess] masked 0/70824 implausible cells (0.00%) outside [0, 500] ug/m3 -> treated as not observed
[preprocess] sensors: 24 -> 22 kept  (threshold=40% yearly coverage)
[preprocess] dropped full-year duds (coverage): [('18625', 0.0), ('124099', 0.356)]
[preprocess] observed cells: 58411/64922 (90.0%) -> only these can enter the loss; the rest are filled inputs (zero), never targets
[wind] source=zero -> convection inert (distance only)
[subsample] density sweep -> kept 10 sensors (subsample_seed=2)
[graph] set='urban'  nodes=10  edges=58  timesteps=2951  has_wind=False  has_temp=False
[warn] STRICT_INPUTS off: wind is missing -> zero-filled (convection runs on distance only)
  seed 0: OURS mae=5.870 rmse=9.025 r2=0.638 corr=0.951 (n=4297)   IDW mae=4.217
  seed 1: OURS mae=3.287 rmse=4.618 r2=0.884 corr=0.968 (n=4311)   IDW mae=3.996
  seed 2: OURS mae=5.122 rmse=8.240 r2=0.682 corr=0.944 (n=5766)   IDW mae=4.000
  seed 3: OURS mae=3.715 rmse=5.754 r2=0.797 corr=0.899 (n=5753)   IDW mae=3.770
  seed 4: OURS mae=4.848 rmse=6.258 r2=0.487 corr=0.868 (n=5661)   IDW mae=3.968
  seed 5: OURS mae=6.206 rmse=8.781 r2=0.474 corr=0.912 (n=5824)   IDW mae=3.164
  seed 6: OURS mae=5.446 rmse=8.056 r2=0.724 corr=0.941 (n=5763)   IDW mae=4.443
  seed 7: OURS mae=3.861 rmse=5.813 r2=0.602 corr=0.913 (n=5837)   IDW mae=2.929

====================================================================
INDUCTIVE KRIGING  city=fresno_dense_abc  split(train/val/test)=(7, 1, 2)  seeds=[0, 1, 2, 3, 4, 5, 6, 7]
====================================================================
OURS (GraPhyNet)      MAE=4.794±1.000  RMSE=7.068  R2=0.661  corr=0.924
IDW baseline          MAE=3.811±0.482  RMSE=5.706  R2=0.781  corr=0.934
GraPhy (paper)        MAE=2.380   (Fresno, 41 sensors, Oct23-Jan24)
====================================================================
