[repro] city=fresno_dense_abc wind=zero hidden=16 layers=4 epochs=120 elev_feat=False elev_gate=False temp_gate=False
[preprocess] despike: masked 694/70824 spike cells (0.98%) > 6 robust-sigma from a 13h rolling median -> treated as not observed
[preprocess] spatial-qa: masked 57/70824 cells (0.08%) > 8 cross-sensor robust-z from the hourly network median -> not observed
[preprocess] masked 0/70824 implausible cells (0.00%) outside [0, 500] ug/m3 -> treated as not observed
[preprocess] sensors: 24 -> 22 kept  (threshold=40% yearly coverage)
[preprocess] dropped full-year duds (coverage): [('18625', 0.0), ('124099', 0.356)]
[preprocess] observed cells: 58411/64922 (90.0%) -> only these can enter the loss; the rest are filled inputs (zero), never targets
[wind] source=zero -> convection inert (distance only)
[subsample] density sweep -> kept 8 sensors (subsample_seed=2)
[graph] set='urban'  nodes=8  edges=48  timesteps=2951  has_wind=False  has_temp=False
[warn] STRICT_INPUTS off: wind is missing -> zero-filled (convection runs on distance only)
  seed 0: OURS mae=8.542 rmse=12.536 r2=0.231 corr=0.571 (n=5759)   IDW mae=6.904
  seed 1: OURS mae=3.431 rmse=4.820 r2=0.796 corr=0.893 (n=5182)   IDW mae=2.717
  seed 2: OURS mae=4.689 rmse=6.794 r2=0.619 corr=0.844 (n=5148)   IDW mae=2.850
  seed 3: OURS mae=4.713 rmse=6.768 r2=0.517 corr=0.882 (n=5272)   IDW mae=3.074
  seed 4: OURS mae=5.604 rmse=8.706 r2=0.654 corr=0.912 (n=5774)   IDW mae=6.401
  seed 5: OURS mae=4.929 rmse=5.830 r2=0.201 corr=0.840 (n=5827)   IDW mae=5.553
  seed 6: OURS mae=8.472 rmse=13.293 r2=0.253 corr=0.809 (n=5122)   IDW mae=8.264
  seed 7: OURS mae=4.938 rmse=6.055 r2=0.626 corr=0.875 (n=5792)   IDW mae=3.832

====================================================================
INDUCTIVE KRIGING  city=fresno_dense_abc  split(train/val/test)=(5, 1, 2)  seeds=[0, 1, 2, 3, 4, 5, 6, 7]
====================================================================
OURS (GraPhyNet)      MAE=5.665±1.735  RMSE=8.100  R2=0.487  corr=0.828
IDW baseline          MAE=4.949±1.982  RMSE=7.255  R2=0.531  corr=0.875
GraPhy (paper)        MAE=2.380   (Fresno, 41 sensors, Oct23-Jan24)
====================================================================
