[repro] city=fresno_dense_abc wind=zero hidden=16 layers=4 epochs=120 elev_feat=False elev_gate=False temp_gate=False
[preprocess] despike: masked 694/70824 spike cells (0.98%) > 6 robust-sigma from a 13h rolling median -> treated as not observed
[preprocess] spatial-qa: masked 57/70824 cells (0.08%) > 8 cross-sensor robust-z from the hourly network median -> not observed
[preprocess] masked 0/70824 implausible cells (0.00%) outside [0, 500] ug/m3 -> treated as not observed
[preprocess] sensors: 24 -> 22 kept  (threshold=40% yearly coverage)
[preprocess] dropped full-year duds (coverage): [('18625', 0.0), ('124099', 0.356)]
[preprocess] observed cells: 58411/64922 (90.0%) -> only these can enter the loss; the rest are filled inputs (zero), never targets
[wind] source=zero -> convection inert (distance only)
[subsample] density sweep -> kept 18 sensors (subsample_seed=0)
[graph] set='urban'  nodes=18  edges=110  timesteps=2951  has_wind=False  has_temp=False
[warn] STRICT_INPUTS off: wind is missing -> zero-filled (convection runs on distance only)
  seed 0: OURS mae=3.923 rmse=6.097 r2=0.784 corr=0.940 (n=10904)   IDW mae=3.886
  seed 1: OURS mae=2.109 rmse=2.991 r2=0.902 corr=0.961 (n=11152)   IDW mae=2.104
  seed 2: OURS mae=2.565 rmse=3.823 r2=0.903 corr=0.954 (n=9676)   IDW mae=2.765
  seed 3: OURS mae=2.414 rmse=3.593 r2=0.837 corr=0.959 (n=11167)   IDW mae=1.909
  seed 4: OURS mae=3.362 rmse=4.918 r2=0.853 corr=0.926 (n=10235)   IDW mae=3.405
  seed 5: OURS mae=2.701 rmse=4.233 r2=0.892 corr=0.957 (n=10355)   IDW mae=3.085
  seed 6: OURS mae=2.624 rmse=3.875 r2=0.880 corr=0.939 (n=11422)   IDW mae=3.115
  seed 7: OURS mae=2.175 rmse=3.689 r2=0.915 corr=0.962 (n=10932)   IDW mae=2.373

====================================================================
INDUCTIVE KRIGING  city=fresno_dense_abc  split(train/val/test)=(12, 2, 4)  seeds=[0, 1, 2, 3, 4, 5, 6, 7]
====================================================================
OURS (GraPhyNet)      MAE=2.734±0.576  RMSE=4.152  R2=0.871  corr=0.950
IDW baseline          MAE=2.830±0.630  RMSE=4.280  R2=0.865  corr=0.937
GraPhy (paper)        MAE=2.380   (Fresno, 41 sensors, Oct23-Jan24)
====================================================================
