[repro] city=fresno_dense_abc wind=zero hidden=16 layers=4 epochs=120 elev_feat=False elev_gate=False temp_gate=False
[preprocess] despike: masked 694/70824 spike cells (0.98%) > 6 robust-sigma from a 13h rolling median -> treated as not observed
[preprocess] spatial-qa: masked 57/70824 cells (0.08%) > 8 cross-sensor robust-z from the hourly network median -> not observed
[preprocess] masked 0/70824 implausible cells (0.00%) outside [0, 500] ug/m3 -> treated as not observed
[preprocess] sensors: 24 -> 22 kept  (threshold=40% yearly coverage)
[preprocess] dropped full-year duds (coverage): [('18625', 0.0), ('124099', 0.356)]
[preprocess] observed cells: 58411/64922 (90.0%) -> only these can enter the loss; the rest are filled inputs (zero), never targets
[wind] source=zero -> convection inert (distance only)
[subsample] density sweep -> kept 8 sensors (subsample_seed=1)
[graph] set='urban'  nodes=8  edges=48  timesteps=2951  has_wind=False  has_temp=False
[warn] STRICT_INPUTS off: wind is missing -> zero-filled (convection runs on distance only)
  seed 0: OURS mae=4.716 rmse=6.485 r2=0.358 corr=0.840 (n=5785)   IDW mae=4.868
  seed 1: OURS mae=6.452 rmse=9.593 r2=0.503 corr=0.937 (n=5784)   IDW mae=4.774
  seed 2: OURS mae=3.951 rmse=6.107 r2=0.734 corr=0.863 (n=5768)   IDW mae=4.120
  seed 3: OURS mae=3.880 rmse=5.731 r2=0.735 corr=0.859 (n=5770)   IDW mae=3.448
  seed 4: OURS mae=4.433 rmse=5.400 r2=0.315 corr=0.823 (n=5827)   IDW mae=5.983
  seed 5: OURS mae=4.704 rmse=5.504 r2=0.664 corr=0.927 (n=5800)   IDW mae=5.349
  seed 6: OURS mae=4.095 rmse=6.126 r2=0.542 corr=0.768 (n=5831)   IDW mae=3.545
  seed 7: OURS mae=7.785 rmse=11.909 r2=0.290 corr=0.858 (n=5702)   IDW mae=5.710

====================================================================
INDUCTIVE KRIGING  city=fresno_dense_abc  split(train/val/test)=(5, 1, 2)  seeds=[0, 1, 2, 3, 4, 5, 6, 7]
====================================================================
OURS (GraPhyNet)      MAE=5.002±1.300  RMSE=7.107  R2=0.518  corr=0.860
IDW baseline          MAE=4.724±0.891  RMSE=6.830  R2=0.445  corr=0.882
GraPhy (paper)        MAE=2.380   (Fresno, 41 sensors, Oct23-Jan24)
====================================================================
