[repro] city=fresno_dense_abc wind=zero hidden=16 layers=4 epochs=120 elev_feat=False elev_gate=False temp_gate=False
[preprocess] despike: masked 694/70824 spike cells (0.98%) > 6 robust-sigma from a 13h rolling median -> treated as not observed
[preprocess] spatial-qa: masked 57/70824 cells (0.08%) > 8 cross-sensor robust-z from the hourly network median -> not observed
[preprocess] masked 0/70824 implausible cells (0.00%) outside [0, 500] ug/m3 -> treated as not observed
[preprocess] sensors: 24 -> 22 kept  (threshold=40% yearly coverage)
[preprocess] dropped full-year duds (coverage): [('18625', 0.0), ('124099', 0.356)]
[preprocess] observed cells: 58411/64922 (90.0%) -> only these can enter the loss; the rest are filled inputs (zero), never targets
[wind] source=zero -> convection inert (distance only)
[subsample] density sweep -> kept 16 sensors (subsample_seed=1)
[graph] set='urban'  nodes=16  edges=100  timesteps=2951  has_wind=False  has_temp=False
[warn] STRICT_INPUTS off: wind is missing -> zero-filled (convection runs on distance only)
  seed 0: OURS mae=5.692 rmse=9.251 r2=0.493 corr=0.836 (n=10351)   IDW mae=3.534
  seed 1: OURS mae=2.743 rmse=4.061 r2=0.848 corr=0.925 (n=10489)   IDW mae=2.581
  seed 2: OURS mae=3.097 rmse=4.730 r2=0.807 corr=0.924 (n=10932)   IDW mae=3.503
  seed 3: OURS mae=4.541 rmse=6.889 r2=0.616 corr=0.811 (n=10586)   IDW mae=3.387
  seed 4: OURS mae=3.720 rmse=5.405 r2=0.792 corr=0.912 (n=11610)   IDW mae=3.153
  seed 5: OURS mae=3.798 rmse=6.052 r2=0.793 corr=0.916 (n=9871)   IDW mae=3.186
  seed 6: OURS mae=4.778 rmse=6.458 r2=0.584 corr=0.784 (n=9310)   IDW mae=5.182
  seed 7: OURS mae=4.206 rmse=6.141 r2=0.771 corr=0.883 (n=10327)   IDW mae=4.469

====================================================================
INDUCTIVE KRIGING  city=fresno_dense_abc  split(train/val/test)=(10, 2, 4)  seeds=[0, 1, 2, 3, 4, 5, 6, 7]
====================================================================
OURS (GraPhyNet)      MAE=4.072±0.886  RMSE=6.123  R2=0.713  corr=0.874
IDW baseline          MAE=3.624±0.768  RMSE=5.377  R2=0.770  corr=0.909
GraPhy (paper)        MAE=2.380   (Fresno, 41 sensors, Oct23-Jan24)
====================================================================
