[repro] city=fresno_dense_abc wind=zero hidden=16 layers=4 epochs=120 elev_feat=False elev_gate=False temp_gate=False
[preprocess] despike: masked 694/70824 spike cells (0.98%) > 6 robust-sigma from a 13h rolling median -> treated as not observed
[preprocess] spatial-qa: masked 57/70824 cells (0.08%) > 8 cross-sensor robust-z from the hourly network median -> not observed
[preprocess] masked 0/70824 implausible cells (0.00%) outside [0, 500] ug/m3 -> treated as not observed
[preprocess] sensors: 24 -> 22 kept  (threshold=40% yearly coverage)
[preprocess] dropped full-year duds (coverage): [('18625', 0.0), ('124099', 0.356)]
[preprocess] observed cells: 58411/64922 (90.0%) -> only these can enter the loss; the rest are filled inputs (zero), never targets
[wind] source=zero -> convection inert (distance only)
[subsample] density sweep -> kept 12 sensors (subsample_seed=2)
[graph] set='urban'  nodes=12  edges=76  timesteps=2951  has_wind=False  has_temp=False
[warn] STRICT_INPUTS off: wind is missing -> zero-filled (convection runs on distance only)
  seed 0: OURS mae=4.318 rmse=6.549 r2=0.789 corr=0.952 (n=8688)   IDW mae=3.499
  seed 1: OURS mae=3.045 rmse=4.393 r2=0.801 corr=0.901 (n=8142)   IDW mae=3.474
  seed 2: OURS mae=3.471 rmse=5.322 r2=0.847 corr=0.961 (n=8691)   IDW mae=3.041
  seed 3: OURS mae=4.889 rmse=7.756 r2=0.717 corr=0.948 (n=8606)   IDW mae=3.585
  seed 4: OURS mae=4.177 rmse=5.590 r2=0.608 corr=0.857 (n=8054)   IDW mae=3.415
  seed 5: OURS mae=2.460 rmse=3.789 r2=0.879 corr=0.940 (n=8516)   IDW mae=2.746
  seed 6: OURS mae=3.903 rmse=4.928 r2=0.560 corr=0.835 (n=8186)   IDW mae=5.009
  seed 7: OURS mae=3.799 rmse=5.015 r2=0.594 corr=0.907 (n=8672)   IDW mae=4.943

====================================================================
INDUCTIVE KRIGING  city=fresno_dense_abc  split(train/val/test)=(8, 1, 3)  seeds=[0, 1, 2, 3, 4, 5, 6, 7]
====================================================================
OURS (GraPhyNet)      MAE=3.758±0.713  RMSE=5.418  R2=0.724  corr=0.913
IDW baseline          MAE=3.714±0.773  RMSE=5.710  R2=0.610  corr=0.901
GraPhy (paper)        MAE=2.380   (Fresno, 41 sensors, Oct23-Jan24)
====================================================================
