[repro] city=fresno_dense_abc wind=zero hidden=16 layers=4 epochs=120 elev_feat=False elev_gate=False temp_gate=False
[preprocess] despike: masked 694/70824 spike cells (0.98%) > 6 robust-sigma from a 13h rolling median -> treated as not observed
[preprocess] spatial-qa: masked 57/70824 cells (0.08%) > 8 cross-sensor robust-z from the hourly network median -> not observed
[preprocess] masked 0/70824 implausible cells (0.00%) outside [0, 500] ug/m3 -> treated as not observed
[preprocess] sensors: 24 -> 22 kept  (threshold=40% yearly coverage)
[preprocess] dropped full-year duds (coverage): [('18625', 0.0), ('124099', 0.356)]
[preprocess] observed cells: 58411/64922 (90.0%) -> only these can enter the loss; the rest are filled inputs (zero), never targets
[wind] source=zero -> convection inert (distance only)
[subsample] density sweep -> kept 8 sensors (subsample_seed=0)
[graph] set='urban'  nodes=8  edges=46  timesteps=2951  has_wind=False  has_temp=False
[warn] STRICT_INPUTS off: wind is missing -> zero-filled (convection runs on distance only)
  seed 0: OURS mae=9.188 rmse=13.802 r2=0.353 corr=0.889 (n=4240)   IDW mae=7.478
  seed 1: OURS mae=6.738 rmse=9.380 r2=0.567 corr=0.892 (n=4513)   IDW mae=6.010
  seed 2: OURS mae=4.738 rmse=6.037 r2=0.634 corr=0.892 (n=4533)   IDW mae=7.863
  seed 3: OURS mae=4.257 rmse=6.135 r2=0.603 corr=0.930 (n=5806)   IDW mae=5.240
  seed 4: OURS mae=6.347 rmse=9.777 r2=0.552 corr=0.880 (n=5766)   IDW mae=4.630
  seed 5: OURS mae=6.297 rmse=9.578 r2=0.517 corr=0.895 (n=4300)   IDW mae=4.380
  seed 6: OURS mae=5.616 rmse=8.247 r2=0.727 corr=0.896 (n=4507)   IDW mae=5.622
  seed 7: OURS mae=5.777 rmse=8.802 r2=0.574 corr=0.871 (n=5738)   IDW mae=4.310

====================================================================
INDUCTIVE KRIGING  city=fresno_dense_abc  split(train/val/test)=(5, 1, 2)  seeds=[0, 1, 2, 3, 4, 5, 6, 7]
====================================================================
OURS (GraPhyNet)      MAE=6.120±1.398  RMSE=8.970  R2=0.566  corr=0.893
IDW baseline          MAE=5.692±1.273  RMSE=8.270  R2=0.572  corr=0.879
GraPhy (paper)        MAE=2.380   (Fresno, 41 sensors, Oct23-Jan24)
====================================================================
