[repro] city=fresno_dense_abc wind=zero hidden=16 layers=4 epochs=120 elev_feat=False elev_gate=False temp_gate=False
[preprocess] despike: masked 694/70824 spike cells (0.98%) > 6 robust-sigma from a 13h rolling median -> treated as not observed
[preprocess] spatial-qa: masked 57/70824 cells (0.08%) > 8 cross-sensor robust-z from the hourly network median -> not observed
[preprocess] masked 0/70824 implausible cells (0.00%) outside [0, 500] ug/m3 -> treated as not observed
[preprocess] sensors: 24 -> 22 kept  (threshold=40% yearly coverage)
[preprocess] dropped full-year duds (coverage): [('18625', 0.0), ('124099', 0.356)]
[preprocess] observed cells: 58411/64922 (90.0%) -> only these can enter the loss; the rest are filled inputs (zero), never targets
[wind] source=zero -> convection inert (distance only)
[subsample] density sweep -> kept 10 sensors (subsample_seed=1)
[graph] set='urban'  nodes=10  edges=64  timesteps=2951  has_wind=False  has_temp=False
[warn] STRICT_INPUTS off: wind is missing -> zero-filled (convection runs on distance only)
  seed 0: OURS mae=5.912 rmse=8.342 r2=0.224 corr=0.579 (n=4742)   IDW mae=4.297
  seed 1: OURS mae=3.838 rmse=5.985 r2=0.290 corr=0.681 (n=5830)   IDW mae=3.151
  seed 2: OURS mae=7.040 rmse=10.830 r2=0.423 corr=0.893 (n=5518)   IDW mae=5.145
  seed 3: OURS mae=5.471 rmse=8.332 r2=0.357 corr=0.695 (n=4763)   IDW mae=3.716
  seed 4: OURS mae=5.272 rmse=8.709 r2=0.575 corr=0.909 (n=5780)   IDW mae=4.231
  seed 5: OURS mae=5.583 rmse=7.915 r2=0.330 corr=0.686 (n=4723)   IDW mae=2.497
  seed 6: OURS mae=9.242 rmse=12.800 r2=-0.209 corr=0.742 (n=4495)   IDW mae=5.236
  seed 7: OURS mae=7.140 rmse=11.112 r2=0.281 corr=0.877 (n=5783)   IDW mae=4.062

====================================================================
INDUCTIVE KRIGING  city=fresno_dense_abc  split(train/val/test)=(7, 1, 2)  seeds=[0, 1, 2, 3, 4, 5, 6, 7]
====================================================================
OURS (GraPhyNet)      MAE=6.187±1.512  RMSE=9.253  R2=0.284  corr=0.758
IDW baseline          MAE=4.042±0.868  RMSE=6.012  R2=0.692  corr=0.887
GraPhy (paper)        MAE=2.380   (Fresno, 41 sensors, Oct23-Jan24)
====================================================================
