[repro] city=fresno_dense_abc wind=zero hidden=16 layers=4 epochs=120 elev_feat=False elev_gate=False temp_gate=False
[preprocess] despike: masked 694/70824 spike cells (0.98%) > 6 robust-sigma from a 13h rolling median -> treated as not observed
[preprocess] spatial-qa: masked 57/70824 cells (0.08%) > 8 cross-sensor robust-z from the hourly network median -> not observed
[preprocess] masked 0/70824 implausible cells (0.00%) outside [0, 500] ug/m3 -> treated as not observed
[preprocess] sensors: 24 -> 22 kept  (threshold=40% yearly coverage)
[preprocess] dropped full-year duds (coverage): [('18625', 0.0), ('124099', 0.356)]
[preprocess] observed cells: 58411/64922 (90.0%) -> only these can enter the loss; the rest are filled inputs (zero), never targets
[wind] source=zero -> convection inert (distance only)
[subsample] density sweep -> kept 16 sensors (subsample_seed=2)
[graph] set='urban'  nodes=16  edges=106  timesteps=2951  has_wind=False  has_temp=False
[warn] STRICT_INPUTS off: wind is missing -> zero-filled (convection runs on distance only)
  seed 0: OURS mae=3.461 rmse=6.052 r2=0.644 corr=0.809 (n=10419)   IDW mae=2.752
  seed 1: OURS mae=2.496 rmse=3.900 r2=0.853 corr=0.924 (n=11675)   IDW mae=2.307
  seed 2: OURS mae=3.033 rmse=4.104 r2=0.864 corr=0.955 (n=10949)   IDW mae=2.744
  seed 3: OURS mae=3.716 rmse=5.833 r2=0.725 corr=0.862 (n=10586)   IDW mae=3.201
  seed 4: OURS mae=3.054 rmse=4.582 r2=0.846 corr=0.935 (n=11573)   IDW mae=3.275
  seed 5: OURS mae=4.823 rmse=6.849 r2=0.491 corr=0.784 (n=10420)   IDW mae=3.666
  seed 6: OURS mae=3.534 rmse=5.649 r2=0.742 corr=0.862 (n=9898)   IDW mae=3.378
  seed 7: OURS mae=3.555 rmse=4.627 r2=0.800 corr=0.933 (n=10810)   IDW mae=3.790

====================================================================
INDUCTIVE KRIGING  city=fresno_dense_abc  split(train/val/test)=(10, 2, 4)  seeds=[0, 1, 2, 3, 4, 5, 6, 7]
====================================================================
OURS (GraPhyNet)      MAE=3.459±0.634  RMSE=5.199  R2=0.745  corr=0.883
IDW baseline          MAE=3.139±0.471  RMSE=4.722  R2=0.797  corr=0.919
GraPhy (paper)        MAE=2.380   (Fresno, 41 sensors, Oct23-Jan24)
====================================================================
