[repro] city=fresno_dense_abc wind=zero hidden=16 layers=4 epochs=120 elev_feat=False elev_gate=False temp_gate=False
[preprocess] despike: masked 694/70824 spike cells (0.98%) > 6 robust-sigma from a 13h rolling median -> treated as not observed
[preprocess] spatial-qa: masked 57/70824 cells (0.08%) > 8 cross-sensor robust-z from the hourly network median -> not observed
[preprocess] masked 0/70824 implausible cells (0.00%) outside [0, 500] ug/m3 -> treated as not observed
[preprocess] sensors: 24 -> 22 kept  (threshold=40% yearly coverage)
[preprocess] dropped full-year duds (coverage): [('18625', 0.0), ('124099', 0.356)]
[preprocess] observed cells: 58411/64922 (90.0%) -> only these can enter the loss; the rest are filled inputs (zero), never targets
[wind] source=zero -> convection inert (distance only)
[subsample] density sweep -> kept 6 sensors (subsample_seed=0)
[graph] set='urban'  nodes=6  edges=30  timesteps=2951  has_wind=False  has_temp=False
[warn] STRICT_INPUTS off: wind is missing -> zero-filled (convection runs on distance only)
  seed 0: OURS mae=3.676 rmse=4.589 r2=0.850 corr=0.944 (n=2269)   IDW mae=2.410
  seed 1: OURS mae=5.626 rmse=6.547 r2=0.301 corr=0.804 (n=2923)   IDW mae=6.773
  seed 2: OURS mae=2.807 rmse=3.880 r2=0.893 corr=0.953 (n=2269)   IDW mae=2.938
  seed 3: OURS mae=4.817 rmse=8.206 r2=0.673 corr=0.908 (n=2881)   IDW mae=3.519
  seed 4: OURS mae=5.537 rmse=8.708 r2=0.537 corr=0.919 (n=2659)   IDW mae=3.651
  seed 5: OURS mae=5.043 rmse=7.787 r2=0.630 corr=0.913 (n=2659)   IDW mae=3.194
  seed 6: OURS mae=4.305 rmse=7.093 r2=0.756 corr=0.905 (n=2881)   IDW mae=3.763
  seed 7: OURS mae=3.021 rmse=3.814 r2=0.879 corr=0.951 (n=2914)   IDW mae=5.428

====================================================================
INDUCTIVE KRIGING  city=fresno_dense_abc  split(train/val/test)=(4, 1, 1)  seeds=[0, 1, 2, 3, 4, 5, 6, 7]
====================================================================
OURS (GraPhyNet)      MAE=4.354±1.021  RMSE=6.328  R2=0.690  corr=0.912
IDW baseline          MAE=3.960±1.343  RMSE=5.978  R2=0.635  corr=0.923
GraPhy (paper)        MAE=2.380   (Fresno, 41 sensors, Oct23-Jan24)
====================================================================
