[repro] city=fresno_dense_abc wind=zero hidden=16 layers=4 epochs=120 elev_feat=False elev_gate=False temp_gate=False
[preprocess] despike: masked 694/70824 spike cells (0.98%) > 6 robust-sigma from a 13h rolling median -> treated as not observed
[preprocess] spatial-qa: masked 57/70824 cells (0.08%) > 8 cross-sensor robust-z from the hourly network median -> not observed
[preprocess] masked 0/70824 implausible cells (0.00%) outside [0, 500] ug/m3 -> treated as not observed
[preprocess] sensors: 24 -> 22 kept  (threshold=40% yearly coverage)
[preprocess] dropped full-year duds (coverage): [('18625', 0.0), ('124099', 0.356)]
[preprocess] observed cells: 58411/64922 (90.0%) -> only these can enter the loss; the rest are filled inputs (zero), never targets
[wind] source=zero -> convection inert (distance only)
[subsample] density sweep -> kept 14 sensors (subsample_seed=2)
[graph] set='urban'  nodes=14  edges=88  timesteps=2951  has_wind=False  has_temp=False
[warn] STRICT_INPUTS off: wind is missing -> zero-filled (convection runs on distance only)
  seed 0: OURS mae=6.080 rmse=9.033 r2=0.531 corr=0.900 (n=8514)   IDW mae=4.244
  seed 1: OURS mae=4.266 rmse=6.751 r2=0.582 corr=0.863 (n=6411)   IDW mae=3.605
  seed 2: OURS mae=3.809 rmse=5.131 r2=0.619 corr=0.792 (n=8548)   IDW mae=2.975
  seed 3: OURS mae=4.906 rmse=7.141 r2=0.618 corr=0.804 (n=7593)   IDW mae=3.542
  seed 4: OURS mae=3.670 rmse=6.001 r2=0.613 corr=0.867 (n=7644)   IDW mae=3.030
  seed 5: OURS mae=5.714 rmse=7.955 r2=0.664 corr=0.888 (n=7603)   IDW mae=4.069
  seed 6: OURS mae=4.059 rmse=6.539 r2=0.479 corr=0.712 (n=7665)   IDW mae=3.176
  seed 7: OURS mae=2.747 rmse=4.310 r2=0.888 corr=0.952 (n=8663)   IDW mae=2.481

====================================================================
INDUCTIVE KRIGING  city=fresno_dense_abc  split(train/val/test)=(10, 1, 3)  seeds=[0, 1, 2, 3, 4, 5, 6, 7]
====================================================================
OURS (GraPhyNet)      MAE=4.406±1.034  RMSE=6.608  R2=0.624  corr=0.847
IDW baseline          MAE=3.390±0.552  RMSE=5.081  R2=0.779  corr=0.906
GraPhy (paper)        MAE=2.380   (Fresno, 41 sensors, Oct23-Jan24)
====================================================================
