[repro] city=fresno_dense_abc wind=zero hidden=16 layers=4 epochs=120 elev_feat=False elev_gate=False temp_gate=False
[preprocess] despike: masked 694/70824 spike cells (0.98%) > 6 robust-sigma from a 13h rolling median -> treated as not observed
[preprocess] spatial-qa: masked 57/70824 cells (0.08%) > 8 cross-sensor robust-z from the hourly network median -> not observed
[preprocess] masked 0/70824 implausible cells (0.00%) outside [0, 500] ug/m3 -> treated as not observed
[preprocess] sensors: 24 -> 22 kept  (threshold=40% yearly coverage)
[preprocess] dropped full-year duds (coverage): [('18625', 0.0), ('124099', 0.356)]
[preprocess] observed cells: 58411/64922 (90.0%) -> only these can enter the loss; the rest are filled inputs (zero), never targets
[wind] source=zero -> convection inert (distance only)
[subsample] density sweep -> kept 6 sensors (subsample_seed=2)
[graph] set='urban'  nodes=6  edges=30  timesteps=2951  has_wind=False  has_temp=False
[warn] STRICT_INPUTS off: wind is missing -> zero-filled (convection runs on distance only)
  seed 0: OURS mae=3.629 rmse=5.466 r2=0.903 corr=0.952 (n=1387)   IDW mae=3.175
  seed 1: OURS mae=4.810 rmse=6.046 r2=0.695 corr=0.919 (n=2914)   IDW mae=5.656
  seed 2: OURS mae=5.330 rmse=6.959 r2=0.843 corr=0.949 (n=1387)   IDW mae=3.231
  seed 3: OURS mae=4.027 rmse=6.606 r2=0.734 corr=0.920 (n=2659)   IDW mae=3.179
  seed 4: OURS mae=8.307 rmse=11.834 r2=0.512 corr=0.891 (n=2853)   IDW mae=6.153
  seed 5: OURS mae=5.846 rmse=8.793 r2=0.731 corr=0.903 (n=2853)   IDW mae=5.787
  seed 6: OURS mae=5.693 rmse=9.106 r2=0.494 corr=0.919 (n=2659)   IDW mae=2.973
  seed 7: OURS mae=2.836 rmse=4.685 r2=0.823 corr=0.931 (n=2925)   IDW mae=2.623

====================================================================
INDUCTIVE KRIGING  city=fresno_dense_abc  split(train/val/test)=(4, 1, 1)  seeds=[0, 1, 2, 3, 4, 5, 6, 7]
====================================================================
OURS (GraPhyNet)      MAE=5.060±1.571  RMSE=7.437  R2=0.717  corr=0.923
IDW baseline          MAE=4.097±1.387  RMSE=6.329  R2=0.787  corr=0.930
GraPhy (paper)        MAE=2.380   (Fresno, 41 sensors, Oct23-Jan24)
====================================================================
