[repro] city=fresno_dense_abc wind=zero hidden=16 layers=4 epochs=120 elev_feat=False elev_gate=False temp_gate=False
[preprocess] despike: masked 694/70824 spike cells (0.98%) > 6 robust-sigma from a 13h rolling median -> treated as not observed
[preprocess] spatial-qa: masked 57/70824 cells (0.08%) > 8 cross-sensor robust-z from the hourly network median -> not observed
[preprocess] masked 0/70824 implausible cells (0.00%) outside [0, 500] ug/m3 -> treated as not observed
[preprocess] sensors: 24 -> 22 kept  (threshold=40% yearly coverage)
[preprocess] dropped full-year duds (coverage): [('18625', 0.0), ('124099', 0.356)]
[preprocess] observed cells: 58411/64922 (90.0%) -> only these can enter the loss; the rest are filled inputs (zero), never targets
[wind] source=zero -> convection inert (distance only)
[graph] set='urban'  nodes=22  edges=142  timesteps=2951  has_wind=False  has_temp=False
[warn] STRICT_INPUTS off: wind is missing -> zero-filled (convection runs on distance only)
  seed 0: OURS mae=2.864 rmse=4.720 r2=0.850 corr=0.960 (n=12745)   IDW mae=3.158
  seed 1: OURS mae=4.034 rmse=6.258 r2=0.617 corr=0.802 (n=13421)   IDW mae=3.143
  seed 2: OURS mae=3.651 rmse=6.035 r2=0.736 corr=0.864 (n=13393)   IDW mae=2.962
  seed 3: OURS mae=2.547 rmse=4.343 r2=0.865 corr=0.937 (n=13819)   IDW mae=2.658
  seed 4: OURS mae=3.294 rmse=5.227 r2=0.797 corr=0.913 (n=13992)   IDW mae=3.295
  seed 5: OURS mae=2.912 rmse=4.344 r2=0.743 corr=0.904 (n=13853)   IDW mae=3.184
  seed 6: OURS mae=3.003 rmse=4.476 r2=0.872 corr=0.943 (n=14454)   IDW mae=2.977
  seed 7: OURS mae=2.551 rmse=3.809 r2=0.897 corr=0.950 (n=11628)   IDW mae=2.792

====================================================================
INDUCTIVE KRIGING  city=fresno_dense_abc  split(train/val/test)=(15, 2, 5)  seeds=[0, 1, 2, 3, 4, 5, 6, 7]
====================================================================
OURS (GraPhyNet)      MAE=3.107±0.490  RMSE=4.901  R2=0.797  corr=0.909
IDW baseline          MAE=3.021±0.202  RMSE=4.690  R2=0.819  corr=0.926
GraPhy (paper)        MAE=2.380   (Fresno, 41 sensors, Oct23-Jan24)
====================================================================
