[repro] city=fresno_dense_abc wind=zero hidden=16 layers=4 epochs=120 elev_feat=False elev_gate=False temp_gate=False
[preprocess] despike: masked 694/70824 spike cells (0.98%) > 6 robust-sigma from a 13h rolling median -> treated as not observed
[preprocess] spatial-qa: masked 57/70824 cells (0.08%) > 8 cross-sensor robust-z from the hourly network median -> not observed
[preprocess] masked 0/70824 implausible cells (0.00%) outside [0, 500] ug/m3 -> treated as not observed
[preprocess] sensors: 24 -> 22 kept  (threshold=40% yearly coverage)
[preprocess] dropped full-year duds (coverage): [('18625', 0.0), ('124099', 0.356)]
[preprocess] observed cells: 58411/64922 (90.0%) -> only these can enter the loss; the rest are filled inputs (zero), never targets
[wind] source=zero -> convection inert (distance only)
[subsample] density sweep -> kept 20 sensors (subsample_seed=2)
[graph] set='urban'  nodes=20  edges=134  timesteps=2951  has_wind=False  has_temp=False
[warn] STRICT_INPUTS off: wind is missing -> zero-filled (convection runs on distance only)
  seed 0: OURS mae=4.413 rmse=7.244 r2=0.721 corr=0.918 (n=11582)   IDW mae=4.271
  seed 1: OURS mae=2.263 rmse=3.311 r2=0.886 corr=0.948 (n=11566)   IDW mae=2.011
  seed 2: OURS mae=3.121 rmse=4.864 r2=0.817 corr=0.930 (n=11553)   IDW mae=3.311
  seed 3: OURS mae=2.213 rmse=3.307 r2=0.909 corr=0.968 (n=10913)   IDW mae=2.444
  seed 4: OURS mae=4.001 rmse=6.651 r2=0.718 corr=0.900 (n=9887)   IDW mae=2.970
  seed 5: OURS mae=3.903 rmse=5.325 r2=0.677 corr=0.887 (n=10151)   IDW mae=3.868
  seed 6: OURS mae=2.443 rmse=3.821 r2=0.888 corr=0.951 (n=11587)   IDW mae=2.555
  seed 7: OURS mae=3.472 rmse=5.708 r2=0.717 corr=0.848 (n=9767)   IDW mae=2.953

====================================================================
INDUCTIVE KRIGING  city=fresno_dense_abc  split(train/val/test)=(14, 2, 4)  seeds=[0, 1, 2, 3, 4, 5, 6, 7]
====================================================================
OURS (GraPhyNet)      MAE=3.229±0.799  RMSE=5.029  R2=0.791  corr=0.919
IDW baseline          MAE=3.048±0.701  RMSE=4.650  R2=0.820  corr=0.936
GraPhy (paper)        MAE=2.380   (Fresno, 41 sensors, Oct23-Jan24)
====================================================================
