[repro] city=fresno_dense_abc wind=zero hidden=16 layers=4 epochs=120 elev_feat=False elev_gate=False temp_gate=False
[preprocess] despike: masked 694/70824 spike cells (0.98%) > 6 robust-sigma from a 13h rolling median -> treated as not observed
[preprocess] spatial-qa: masked 57/70824 cells (0.08%) > 8 cross-sensor robust-z from the hourly network median -> not observed
[preprocess] masked 0/70824 implausible cells (0.00%) outside [0, 500] ug/m3 -> treated as not observed
[preprocess] sensors: 24 -> 22 kept  (threshold=40% yearly coverage)
[preprocess] dropped full-year duds (coverage): [('18625', 0.0), ('124099', 0.356)]
[preprocess] observed cells: 58411/64922 (90.0%) -> only these can enter the loss; the rest are filled inputs (zero), never targets
[wind] source=zero -> convection inert (distance only)
[subsample] density sweep -> kept 10 sensors (subsample_seed=0)
[graph] set='urban'  nodes=10  edges=60  timesteps=2951  has_wind=False  has_temp=False
[warn] STRICT_INPUTS off: wind is missing -> zero-filled (convection runs on distance only)
  seed 0: OURS mae=5.575 rmse=8.505 r2=0.678 corr=0.877 (n=4046)   IDW mae=3.396
  seed 1: OURS mae=4.424 rmse=7.057 r2=0.654 corr=0.899 (n=5584)   IDW mae=2.846
  seed 2: OURS mae=4.852 rmse=7.914 r2=0.633 corr=0.815 (n=5607)   IDW mae=3.221
  seed 3: OURS mae=3.286 rmse=5.274 r2=0.848 corr=0.950 (n=4311)   IDW mae=3.131
  seed 4: OURS mae=4.869 rmse=8.095 r2=0.629 corr=0.905 (n=5772)   IDW mae=3.201
  seed 5: OURS mae=4.052 rmse=6.285 r2=0.786 corr=0.920 (n=4310)   IDW mae=2.743
  seed 6: OURS mae=4.613 rmse=7.901 r2=0.657 corr=0.866 (n=4135)   IDW mae=3.924
  seed 7: OURS mae=5.166 rmse=8.509 r2=0.609 corr=0.885 (n=5784)   IDW mae=3.315

====================================================================
INDUCTIVE KRIGING  city=fresno_dense_abc  split(train/val/test)=(7, 1, 2)  seeds=[0, 1, 2, 3, 4, 5, 6, 7]
====================================================================
OURS (GraPhyNet)      MAE=4.605±0.658  RMSE=7.443  R2=0.687  corr=0.890
IDW baseline          MAE=3.222±0.337  RMSE=5.211  R2=0.847  corr=0.930
GraPhy (paper)        MAE=2.380   (Fresno, 41 sensors, Oct23-Jan24)
====================================================================
