[repro] city=fresno_dense_abc wind=zero hidden=16 layers=4 epochs=120 elev_feat=False elev_gate=False temp_gate=False
[preprocess] despike: masked 694/70824 spike cells (0.98%) > 6 robust-sigma from a 13h rolling median -> treated as not observed
[preprocess] spatial-qa: masked 57/70824 cells (0.08%) > 8 cross-sensor robust-z from the hourly network median -> not observed
[preprocess] masked 0/70824 implausible cells (0.00%) outside [0, 500] ug/m3 -> treated as not observed
[preprocess] sensors: 24 -> 22 kept  (threshold=40% yearly coverage)
[preprocess] dropped full-year duds (coverage): [('18625', 0.0), ('124099', 0.356)]
[preprocess] observed cells: 58411/64922 (90.0%) -> only these can enter the loss; the rest are filled inputs (zero), never targets
[wind] source=zero -> convection inert (distance only)
[subsample] density sweep -> kept 14 sensors (subsample_seed=0)
[graph] set='urban'  nodes=14  edges=88  timesteps=2951  has_wind=False  has_temp=False
[warn] STRICT_INPUTS off: wind is missing -> zero-filled (convection runs on distance only)
  seed 0: OURS mae=3.625 rmse=5.270 r2=0.806 corr=0.920 (n=8528)   IDW mae=3.645
  seed 1: OURS mae=3.112 rmse=5.007 r2=0.763 corr=0.880 (n=8729)   IDW mae=2.902
  seed 2: OURS mae=4.363 rmse=6.573 r2=0.738 corr=0.935 (n=7616)   IDW mae=4.340
  seed 3: OURS mae=2.603 rmse=3.803 r2=0.875 corr=0.941 (n=8676)   IDW mae=2.518
  seed 4: OURS mae=3.804 rmse=5.976 r2=0.730 corr=0.911 (n=7659)   IDW mae=3.331
  seed 5: OURS mae=3.284 rmse=4.569 r2=0.825 corr=0.914 (n=8537)   IDW mae=3.255
  seed 6: OURS mae=2.743 rmse=4.286 r2=0.896 corr=0.954 (n=7445)   IDW mae=3.091
  seed 7: OURS mae=3.724 rmse=6.044 r2=0.640 corr=0.832 (n=6238)   IDW mae=3.051

====================================================================
INDUCTIVE KRIGING  city=fresno_dense_abc  split(train/val/test)=(10, 1, 3)  seeds=[0, 1, 2, 3, 4, 5, 6, 7]
====================================================================
OURS (GraPhyNet)      MAE=3.407±0.549  RMSE=5.191  R2=0.784  corr=0.911
IDW baseline          MAE=3.266±0.509  RMSE=4.845  R2=0.819  corr=0.922
GraPhy (paper)        MAE=2.380   (Fresno, 41 sensors, Oct23-Jan24)
====================================================================
