[repro] city=fresno wind=hrrr hidden=16 layers=4 epochs=120 elev_feat=False elev_gate=False temp_gate=False
[preprocess] despike: masked 647/61971 spike cells (1.04%) > 6 robust-sigma from a 13h rolling median -> treated as not observed
[preprocess] masked 7430/61971 implausible cells (11.99%) outside [0, 500] ug/m3 -> treated as not observed
[preprocess] sensors: 21 -> 18 kept  (threshold=40% yearly coverage)
[preprocess] dropped full-year duds (coverage): [('111391', 0.0), ('118085', 0.0), ('18625', 0.0)]
[preprocess] observed cells: 48379/53118 (91.1%) -> only these can enter the loss; the rest are filled inputs (zero), never targets
[wind] source=HRRR 3km (/Users/annaypodimatopoulou/Code/side_quests/nasa-sees/data/fresno/wind_hrrr)
[graph] set='urban'  nodes=18  edges=112  timesteps=2951  has_wind=True  has_temp=False
  seed 0: OURS mae=4.474 rmse=6.702 r2=0.768 corr=0.882 (n=10351)   IDW mae=4.488
  seed 1: OURS mae=4.322 rmse=5.854 r2=0.671 corr=0.924 (n=11452)   IDW mae=4.336
  seed 2: OURS mae=2.761 rmse=4.211 r2=0.897 corr=0.955 (n=9494)   IDW mae=2.711
  seed 3: OURS mae=5.366 rmse=7.763 r2=0.459 corr=0.767 (n=11660)   IDW mae=5.410
  seed 4: OURS mae=3.509 rmse=5.138 r2=0.825 corr=0.912 (n=10940)   IDW mae=3.115
  seed 5: OURS mae=4.198 rmse=6.247 r2=0.779 corr=0.901 (n=10776)   IDW mae=3.658
  seed 6: OURS mae=3.474 rmse=4.958 r2=0.803 corr=0.921 (n=10163)   IDW mae=4.461
  seed 7: OURS mae=5.346 rmse=8.273 r2=0.681 corr=0.837 (n=10107)   IDW mae=5.091

====================================================================
INDUCTIVE KRIGING  city=fresno  split(train/val/test)=(12, 2, 4)  seeds=[0, 1, 2, 3, 4, 5, 6, 7]
====================================================================
OURS (GraPhyNet)      MAE=4.181±0.854  RMSE=6.143  R2=0.735  corr=0.887
IDW baseline          MAE=4.159±0.873  RMSE=5.986  R2=0.744  corr=0.897
GraPhy (paper)        MAE=2.380   (Fresno, 41 sensors, Oct23-Jan24)
====================================================================
