[repro] city=fresno wind=hrrr hidden=16 layers=4 epochs=120 elev_feat=False elev_gate=False temp_gate=False
[preprocess] despike: masked 647/61971 spike cells (1.04%) > 6 robust-sigma from a 13h rolling median -> treated as not observed
[preprocess] masked 7430/61971 implausible cells (11.99%) outside [0, 500] ug/m3 -> treated as not observed
[preprocess] sensors: 21 -> 18 kept  (threshold=40% yearly coverage)
[preprocess] dropped full-year duds (coverage): [('111391', 0.0), ('118085', 0.0), ('18625', 0.0)]
[preprocess] observed cells: 48379/53118 (91.1%) -> only these can enter the loss; the rest are filled inputs (zero), never targets
[wind] source=HRRR 3km (/Users/annaypodimatopoulou/Code/side_quests/nasa-sees/data/fresno/wind_hrrr)
[graph] set='urban'  nodes=18  edges=112  timesteps=2951  has_wind=True  has_temp=False
  seed 0: OURS mae=4.428 rmse=6.652 r2=0.772 corr=0.883 (n=10351)   IDW mae=4.488
  seed 1: OURS mae=4.176 rmse=5.665 r2=0.692 corr=0.928 (n=11452)   IDW mae=4.336
  seed 2: OURS mae=2.894 rmse=4.434 r2=0.886 corr=0.952 (n=9494)   IDW mae=2.711
  seed 3: OURS mae=5.402 rmse=7.818 r2=0.452 corr=0.768 (n=11660)   IDW mae=5.410
  seed 4: OURS mae=3.768 rmse=5.437 r2=0.804 corr=0.901 (n=10940)   IDW mae=3.115
  seed 5: OURS mae=3.990 rmse=5.982 r2=0.797 corr=0.901 (n=10776)   IDW mae=3.658
  seed 6: OURS mae=4.322 rmse=5.973 r2=0.714 corr=0.907 (n=10163)   IDW mae=4.461
  seed 7: OURS mae=5.392 rmse=8.281 r2=0.681 corr=0.839 (n=10107)   IDW mae=5.091

====================================================================
INDUCTIVE KRIGING  city=fresno  split(train/val/test)=(12, 2, 4)  seeds=[0, 1, 2, 3, 4, 5, 6, 7]
====================================================================
OURS (GraPhyNet)      MAE=4.296±0.774  RMSE=6.280  R2=0.725  corr=0.885
IDW baseline          MAE=4.159±0.873  RMSE=5.986  R2=0.744  corr=0.897
GraPhy (paper)        MAE=2.380   (Fresno, 41 sensors, Oct23-Jan24)
====================================================================
