[faithful] city=fresno_med_abc wind=hrrr config=small (hidden=128 layers=3) steps=4000 batch=32 lr=0.0001 wd=0.001 dropout=0.0
[preprocess] despike: masked 727/73775 spike cells (0.99%) > 6 robust-sigma from a 13h rolling median -> treated as not observed
[preprocess] spatial-qa: masked 61/73775 cells (0.08%) > 8 cross-sensor robust-z from the hourly network median -> not observed
[preprocess] masked 0/73775 implausible cells (0.00%) outside [0, 500] ug/m3 -> treated as not observed
[preprocess] sensors: 25 -> 23 kept  (threshold=40% yearly coverage)
[preprocess] dropped full-year duds (coverage): [('18625', 0.0), ('124099', 0.356)]
[preprocess] observed cells: 62549/67873 (92.2%) -> only these can enter the loss; the rest are filled inputs (zero), never targets
[wind] 11/23 sensors missing wind files -> zero wind at those nodes: ['119225', '134022', '15189', '17569', '189863', '37111', '39049', '7284', '80125', '83229', '86319']
[wind] source=HRRR 3km (/Users/annaypodimatopoulou/Code/side_quests/nasa-sees/data/fresno/wind_hrrr)
[graph] set='urban'  nodes=23  edges=154  timesteps=2951  has_wind=True  has_temp=False
  seed 3: OURS mae=4.830 rmse=6.565 r2=0.719 corr=0.884 (n=12979)   IDW mae=2.747   w(D,C,L)=(0.97,0.00,0.03)  best@3999(val 4.26)

========================================================================
FAITHFUL GraPhy  city=fresno_med_abc  config=small  split(tr/val/te)=(16, 2, 5)  seeds=[3]  (818s)
========================================================================
FAITHFUL GraPhy     MAE=4.830+-0.000  RMSE=6.565  R2=0.719+-0.000  corr=0.884
IDW baseline        MAE=2.747+-0.000  RMSE=4.309  R2=0.879+-0.000  corr=0.973
repo best (ref)     MAE=3.054+-0.29 (IDW-residual scaffold, wind zero)
GraPhy (paper)      MAE=2.380   (Fresno, 41 sensors, Oct23-Jan24)
mean fusion weight  w_D(diffusion)=0.965  w_C(convection)=0.004  w_L(local)=0.031
diverged seeds: 0/1  (plain MSE stable)
========================================================================
