[faithful] city=fresno_med_abc wind=hrrr config=small (hidden=128 layers=3) steps=4000 batch=32 lr=0.0001 wd=0.001 dropout=0.0
[preprocess] despike: masked 727/73775 spike cells (0.99%) > 6 robust-sigma from a 13h rolling median -> treated as not observed
[preprocess] spatial-qa: masked 61/73775 cells (0.08%) > 8 cross-sensor robust-z from the hourly network median -> not observed
[preprocess] masked 0/73775 implausible cells (0.00%) outside [0, 500] ug/m3 -> treated as not observed
[preprocess] sensors: 25 -> 23 kept  (threshold=40% yearly coverage)
[preprocess] dropped full-year duds (coverage): [('18625', 0.0), ('124099', 0.356)]
[preprocess] observed cells: 62549/67873 (92.2%) -> only these can enter the loss; the rest are filled inputs (zero), never targets
[wind] 11/23 sensors missing wind files -> zero wind at those nodes: ['119225', '134022', '15189', '17569', '189863', '37111', '39049', '7284', '80125', '83229', '86319']
[wind] source=HRRR 3km (/Users/annaypodimatopoulou/Code/side_quests/nasa-sees/data/fresno/wind_hrrr)
[graph] set='urban'  nodes=23  edges=154  timesteps=2951  has_wind=True  has_temp=False
  seed 2: OURS mae=5.671 rmse=8.604 r2=0.316 corr=0.829 (n=14571)   IDW mae=2.213   w(D,C,L)=(0.67,0.33,0.00)  best@1250(val 7.87)

========================================================================
FAITHFUL GraPhy  city=fresno_med_abc  config=small  split(tr/val/te)=(16, 2, 5)  seeds=[2]  (784s)
========================================================================
FAITHFUL GraPhy     MAE=5.671+-0.000  RMSE=8.604  R2=0.316+-0.000  corr=0.829
IDW baseline        MAE=2.213+-0.000  RMSE=3.687  R2=0.874+-0.000  corr=0.937
repo best (ref)     MAE=3.054+-0.29 (IDW-residual scaffold, wind zero)
GraPhy (paper)      MAE=2.380   (Fresno, 41 sensors, Oct23-Jan24)
mean fusion weight  w_D(diffusion)=0.666  w_C(convection)=0.334  w_L(local)=0.000
diverged seeds: 0/1  (plain MSE stable)
========================================================================
