[faithful] city=slc wind=hrrr config=small (hidden=128 layers=3) steps=12000 batch=32 lr=0.0005 wd=0.0 dropout=0.0
[preprocess] despike: masked 565/48026 spike cells (1.18%) > 6 robust-sigma from a 13h rolling median -> treated as not observed
[preprocess] spatial-qa: masked 327/48026 cells (0.68%) > 8 cross-sensor robust-z from the hourly network median -> not observed
[preprocess] masked 10/48026 implausible cells (0.02%) outside [0, 500] ug/m3 -> treated as not observed
[preprocess] sensors: 22 -> 22 kept  (threshold=40% yearly coverage)
[preprocess] observed cells: 44283/48026 (92.2%) -> only these can enter the loss; the rest are filled inputs (zero), never targets
[wind] source=HRRR 3km (/Users/annaypodimatopoulou/Code/side_quests/nasa-sees/data/slc/wind_hrrr)
[graph] set='urban'  nodes=22  edges=142  timesteps=2183  has_wind=True  has_temp=False
    [seed 0] step      0  val_mae=10.456  best=10.456@0 *
    [seed 0] step    250  val_mae=5.519  best=5.519@250 *
    [seed 0] step    500  val_mae=4.624  best=4.624@500 *
    [seed 0] step    750  val_mae=4.601  best=4.601@750 *
    [seed 0] step   1000  val_mae=4.305  best=4.305@1000 *
    [seed 0] step   1250  val_mae=5.581  best=4.305@1000
    [seed 0] step   1500  val_mae=4.399  best=4.305@1000
    [seed 0] step   1750  val_mae=4.719  best=4.305@1000
    [seed 0] step   2000  val_mae=4.282  best=4.282@2000 *
    [seed 0] step   2250  val_mae=4.734  best=4.282@2000
    [seed 0] step   2500  val_mae=4.413  best=4.282@2000
    [seed 0] step   2750  val_mae=4.243  best=4.243@2750 *
    [seed 0] step   3000  val_mae=4.488  best=4.243@2750
    [seed 0] step   3250  val_mae=4.755  best=4.243@2750
    [seed 0] step   3500  val_mae=4.485  best=4.243@2750
    [seed 0] step   3750  val_mae=4.879  best=4.243@2750
    [seed 0] step   4000  val_mae=4.331  best=4.243@2750
    [seed 0] step   4250  val_mae=4.252  best=4.243@2750
    [seed 0] step   4500  val_mae=4.334  best=4.243@2750
    [seed 0] step   4750  val_mae=5.309  best=4.243@2750
    [seed 0] step   5000  val_mae=4.991  best=4.243@2750
    [seed 0] step   5250  val_mae=3.908  best=3.908@5250 *
    [seed 0] step   5500  val_mae=4.317  best=3.908@5250
    [seed 0] step   5750  val_mae=4.299  best=3.908@5250
    [seed 0] step   6000  val_mae=4.251  best=3.908@5250
    [seed 0] step   6250  val_mae=4.223  best=3.908@5250
    [seed 0] step   6500  val_mae=4.042  best=3.908@5250
    [seed 0] step   6750  val_mae=4.591  best=3.908@5250
    [seed 0] step   7000  val_mae=4.434  best=3.908@5250
    [seed 0] step   7250  val_mae=4.148  best=3.908@5250
    [seed 0] step   7500  val_mae=4.117  best=3.908@5250
    [seed 0] step   7750  val_mae=4.501  best=3.908@5250
    [seed 0] step   8000  val_mae=4.073  best=3.908@5250
    [seed 0] step   8250  val_mae=4.663  best=3.908@5250
    [seed 0] step   8500  val_mae=4.409  best=3.908@5250
    [seed 0] step   8750  val_mae=4.245  best=3.908@5250
    [seed 0] step   9000  val_mae=4.663  best=3.908@5250
    [seed 0] step   9250  val_mae=4.763  best=3.908@5250
    [seed 0] step   9500  val_mae=4.679  best=3.908@5250
    [seed 0] step   9750  val_mae=4.037  best=3.908@5250
    [seed 0] step  10000  val_mae=4.237  best=3.908@5250
    [seed 0] step  10250  val_mae=4.432  best=3.908@5250
    [seed 0] step  10500  val_mae=4.286  best=3.908@5250
    [seed 0] step  10750  val_mae=4.620  best=3.908@5250
    [seed 0] step  11000  val_mae=5.075  best=3.908@5250
    [seed 0] step  11250  val_mae=4.223  best=3.908@5250
    [seed 0] step  11500  val_mae=4.525  best=3.908@5250
    [seed 0] step  11750  val_mae=4.479  best=3.908@5250
    [seed 0] step  11999  val_mae=4.513  best=3.908@5250
    [seed 0] wrote 49 val points -> faithful_logs/curve_B_seed0/val_curve_seed0.csv
  seed 0: OURS mae=3.748 rmse=5.327 r2=0.869 corr=0.940 (n=10637)   IDW mae=3.229   w(D,C,L)=(0.67,0.00,0.33)  best@5250(val 3.91)

========================================================================
FAITHFUL GraPhy  city=slc  config=small  split(tr/val/te)=(15, 2, 5)  seeds=[0]  (1472s)
========================================================================
FAITHFUL GraPhy     MAE=3.748+-0.000  RMSE=5.327  R2=0.869+-0.000  corr=0.940
IDW baseline        MAE=3.229+-0.000  RMSE=4.762  R2=0.895+-0.000  corr=0.949
repo best (ref)     MAE=3.054+-0.29 (IDW-residual scaffold, wind zero)
GraPhy (paper)      MAE=2.380   (Fresno, 41 sensors, Oct23-Jan24)
mean fusion weight  w_D(diffusion)=0.667  w_C(convection)=0.000  w_L(local)=0.333
diverged seeds: 0/1  (plain MSE stable)
========================================================================
