[box] nwlat=36.9 nwlng=-119.92 selat=36.6 selng=-119.58
[box] 43 usable sensors, altitude 281-402 ft (spread 121 ft = 37 m)
[coords] 43 sensors -> data/fresno_full/coords/sensor_lat_long_alt
  [1/43] sensor        473   2941 hourly rows  (NEW)
  [2/43] sensor       7284   2946 hourly rows  (NEW)
  [3/43] sensor      15189   2942 hourly rows  (NEW)
  [4/43] sensor      18625   2951 hourly rows  (NEW)
  [5/43] sensor      22751   2295 hourly rows  (NEW)
  [6/43] sensor      27111   2950 hourly rows  (NEW)
  [7/43] sensor      37111   1674 hourly rows  (NEW)
  [8/43] sensor      39049   2946 hourly rows  (NEW)
  [9/43] sensor      42327   2917 hourly rows  (NEW)
  [10/43] sensor      46571   2948 hourly rows  (NEW)
  [11/43] sensor      62137   2951 hourly rows  (NEW)
  [12/43] sensor      63119   2941 hourly rows  (NEW)
  [13/43] sensor      64483   2899 hourly rows  (NEW)
  [14/43] sensor      67603   2948 hourly rows  (NEW)
  [15/43] sensor      80125   2947 hourly rows  (NEW)
  [16/43] sensor      85495   2951 hourly rows  (NEW)
  [17/43] sensor      85615   2948 hourly rows  (NEW)
  [18/43] sensor      87251   2951 hourly rows  (NEW)
Traceback (most recent call last):
  File "/Library/Developer/CommandLineTools/Library/Frameworks/Python3.framework/Versions/3.9/lib/python3.9/urllib/request.py", line 1346, in do_open
    h.request(req.get_method(), req.selector, req.data, headers,
  File "/Library/Developer/CommandLineTools/Library/Frameworks/Python3.framework/Versions/3.9/lib/python3.9/http/client.py", line 1257, in request
    self._send_request(method, url, body, headers, encode_chunked)
  File "/Library/Developer/CommandLineTools/Library/Frameworks/Python3.framework/Versions/3.9/lib/python3.9/http/client.py", line 1303, in _send_request
    self.endheaders(body, encode_chunked=encode_chunked)
  File "/Library/Developer/CommandLineTools/Library/Frameworks/Python3.framework/Versions/3.9/lib/python3.9/http/client.py", line 1252, in endheaders
    self._send_output(message_body, encode_chunked=encode_chunked)
  File "/Library/Developer/CommandLineTools/Library/Frameworks/Python3.framework/Versions/3.9/lib/python3.9/http/client.py", line 1012, in _send_output
    self.send(msg)
  File "/Library/Developer/CommandLineTools/Library/Frameworks/Python3.framework/Versions/3.9/lib/python3.9/http/client.py", line 952, in send
    self.connect()
  File "/Library/Developer/CommandLineTools/Library/Frameworks/Python3.framework/Versions/3.9/lib/python3.9/http/client.py", line 1426, in connect
    self.sock = self._context.wrap_socket(self.sock,
  File "/Library/Developer/CommandLineTools/Library/Frameworks/Python3.framework/Versions/3.9/lib/python3.9/ssl.py", line 500, in wrap_socket
    return self.sslsocket_class._create(
  File "/Library/Developer/CommandLineTools/Library/Frameworks/Python3.framework/Versions/3.9/lib/python3.9/ssl.py", line 1040, in _create
    self.do_handshake()
  File "/Library/Developer/CommandLineTools/Library/Frameworks/Python3.framework/Versions/3.9/lib/python3.9/ssl.py", line 1309, in do_handshake
    self._sslobj.do_handshake()
socket.timeout: _ssl.c:1112: The handshake operation timed out

During handling of the above exception, another exception occurred:

Traceback (most recent call last):
  File "/Users/annaypodimatopoulou/Code/side_quests/nasa-sees/scripts/fetch_purpleair.py", line 370, in <module>
    main()
  File "/Users/annaypodimatopoulou/Code/side_quests/nasa-sees/scripts/fetch_purpleair.py", line 359, in main
    rows = fetch_history(s["id"], start_dt, end_dt, a.api_key, fields)
  File "/Users/annaypodimatopoulou/Code/side_quests/nasa-sees/scripts/fetch_purpleair.py", line 227, in fetch_history
    raw = _get(f"/sensors/{sensor_id}/history/csv", params, api_key)
  File "/Users/annaypodimatopoulou/Code/side_quests/nasa-sees/scripts/fetch_purpleair.py", line 102, in _get
    with urllib.request.urlopen(req, timeout=TIMEOUT) as r:
  File "/Library/Developer/CommandLineTools/Library/Frameworks/Python3.framework/Versions/3.9/lib/python3.9/urllib/request.py", line 214, in urlopen
    return opener.open(url, data, timeout)
  File "/Library/Developer/CommandLineTools/Library/Frameworks/Python3.framework/Versions/3.9/lib/python3.9/urllib/request.py", line 517, in open
    response = self._open(req, data)
  File "/Library/Developer/CommandLineTools/Library/Frameworks/Python3.framework/Versions/3.9/lib/python3.9/urllib/request.py", line 534, in _open
    result = self._call_chain(self.handle_open, protocol, protocol +
  File "/Library/Developer/CommandLineTools/Library/Frameworks/Python3.framework/Versions/3.9/lib/python3.9/urllib/request.py", line 494, in _call_chain
    result = func(*args)
  File "/Library/Developer/CommandLineTools/Library/Frameworks/Python3.framework/Versions/3.9/lib/python3.9/urllib/request.py", line 1389, in https_open
    return self.do_open(http.client.HTTPSConnection, req,
  File "/Library/Developer/CommandLineTools/Library/Frameworks/Python3.framework/Versions/3.9/lib/python3.9/urllib/request.py", line 1349, in do_open
    raise URLError(err)
urllib.error.URLError: <urlopen error _ssl.c:1112: The handshake operation timed out>
[box] nwlat=36.9 nwlng=-119.92 selat=36.6 selng=-119.58
[box] 43 usable sensors, altitude 281-402 ft (spread 121 ft = 37 m)
[coords] 43 sensors -> data/fresno_full/coords/sensor_lat_long_alt
[exclude] 18 sensors already in data/fresno_full/pm25/urban -> history skipped for them
  [19/43] sensor     104230   2903 hourly rows  (NEW)
  [20/43] sensor     111391   2950 hourly rows  (NEW)
  [21/43] sensor     114721      0 hourly rows  (NEW)
  [22/43] sensor     118085   2946 hourly rows  (NEW)
  [23/43] sensor     119225   2951 hourly rows  (NEW)
  [24/43] sensor     123359   2943 hourly rows  (NEW)
  [25/43] sensor     124099   2676 hourly rows  (NEW)
  [26/43] sensor     134022   2945 hourly rows  (NEW)
  [27/43] sensor     139384   2948 hourly rows  (NEW)
  [28/43] sensor     155829   2929 hourly rows  (NEW)
  [29/43] sensor     163097   2772 hourly rows  (NEW)
  [30/43] sensor     167071   2951 hourly rows  (NEW)
  [31/43] sensor     189863   2926 hourly rows  (NEW)
  [32/43] sensor     197623      0 hourly rows  (NEW)
  [33/43] sensor     198161      0 hourly rows  (NEW)
  [34/43] sensor     198871   1415 hourly rows  (NEW)
  [35/43] sensor     233743      0 hourly rows  (NEW)
  [36/43] sensor     236357      0 hourly rows  (NEW)
  [37/43] sensor     237167      0 hourly rows  (NEW)
  [38/43] sensor     240179      0 hourly rows  (NEW)
  [39/43] sensor     246355      0 hourly rows  (NEW)
  [40/43] sensor     246395      0 hourly rows  (NEW)
  [41/43] sensor     253369      0 hourly rows  (NEW)
  [42/43] sensor     296839      0 hourly rows  (NEW)
  [43/43] sensor     306814      0 hourly rows  (NEW)
[done] downloaded 25 NEW sensors (18 skipped as existing), 36255 rows -> data/fresno_full/pm25/urban
