[run] config=small steps=4000 maxpar=8 city=fresno_med_abc epa=1 seeds=(0 1 2 3 4 5 6 7) -> faithful_logs/small_4000_fresno_med_abc_epa_idw
[run] launched seed 0 (pid 86773)
[run] launched seed 1 (pid 86774)
[run] launched seed 2 (pid 86775)
[run] launched seed 3 (pid 86776)
[run] launched seed 4 (pid 86777)
[run] launched seed 5 (pid 86778)
[run] launched seed 6 (pid 86779)
[run] launched seed 7 (pid 86780)
[run] all seeds finished; aggregating
========================================================================
FAITHFUL GraPhy  aggregated over 8 seeds [0, 1, 2, 3, 4, 5, 6, 7]
========================================================================
  seed 0: MAE=3.007  R2=0.861  corr=0.930  IDW=2.720  w=(0.82,0.01,0.17)
  seed 1: MAE=2.871  R2=0.808  corr=0.906  IDW=2.490  w=(0.00,0.00,1.00)
  seed 2: MAE=3.083  R2=0.809  corr=0.900  IDW=2.213  w=(0.65,0.34,0.01)
  seed 3: MAE=3.016  R2=0.838  corr=0.940  IDW=2.747  w=(0.61,0.33,0.05)
  seed 4: MAE=3.200  R2=0.809  corr=0.902  IDW=2.968  w=(0.35,0.33,0.31)
  seed 5: MAE=4.164  R2=0.632  corr=0.818  IDW=3.741  w=(0.01,0.00,0.99)
  seed 6: MAE=4.222  R2=0.787  corr=0.893  IDW=3.146  w=(0.31,0.34,0.35)
  seed 7: MAE=2.997  R2=0.851  corr=0.933  IDW=2.638  w=(0.67,0.33,0.00)
------------------------------------------------------------------------
FAITHFUL GraPhy   MAE=3.320+-0.511  RMSE=5.127+-0.689  R2=0.799+-0.067
IDW baseline      MAE=2.833+-0.433
repo best (ref)   MAE=3.054+-0.29   GraPhy(paper) MAE=2.380
mean fusion  w_D=0.427  w_C=0.210  w_L=0.360
diverged seeds: 0/8
========================================================================
