########## fresno  gap 24h  (5-fold CV) ##########
  fold 0/5: OURS mae=4.214  ST-krig mae=4.538  persist mae=7.497  (n=9816, test_cells=9816)  b=0.30
  fold 1/5: OURS mae=4.213  ST-krig mae=4.479  persist mae=7.572  (n=9768, test_cells=9768)  b=0.31
  fold 2/5: OURS mae=4.021  ST-krig mae=4.362  persist mae=7.455  (n=9576, test_cells=9576)  b=0.31
  fold 3/5: OURS mae=4.288  ST-krig mae=4.577  persist mae=7.642  (n=9528, test_cells=9528)  b=0.31
  fold 4/5: OURS mae=4.081  ST-krig mae=4.473  persist mae=7.960  (n=9480, test_cells=9480)  b=0.32
OURS (GraPhyNet)       MAE=4.163±0.097  R2=0.638
ST-kriging baseline    MAE=4.486±0.073  R2=0.601
Persistence floor      MAE=7.625±0.179  R2=0.102
OURS vs ST-kriging: -7.2%   (<0 = GNN beats the strong space+time baseline)
mean learned prior blend b (persistence weight) = 0.31
########## fresno  gap 48h  (5-fold CV) ##########
  fold 0/5: OURS mae=4.191  ST-krig mae=4.475  persist mae=7.889  (n=9936, test_cells=9936)  b=0.30
  fold 1/5: OURS mae=4.760  ST-krig mae=5.039  persist mae=8.893  (n=9504, test_cells=9504)  b=0.30
  fold 2/5: OURS mae=5.330  ST-krig mae=5.698  persist mae=9.934  (n=9504, test_cells=9504)  b=0.30
  fold 3/5: OURS mae=5.043  ST-krig mae=5.441  persist mae=9.772  (n=9456, test_cells=9456)  b=0.29
  fold 4/5: OURS mae=4.432  ST-krig mae=4.658  persist mae=9.158  (n=9216, test_cells=9216)  b=0.30
OURS (GraPhyNet)       MAE=4.751±0.409  R2=0.516
ST-kriging baseline    MAE=5.062±0.460  R2=0.470
Persistence floor      MAE=9.129±0.729  R2=-0.201
OURS vs ST-kriging: -6.1%   (<0 = GNN beats the strong space+time baseline)
mean learned prior blend b (persistence weight) = 0.30
########## slc  gap 24h  (5-fold CV) ##########
  fold 0/5: OURS mae=8.232  ST-krig mae=8.396  persist mae=9.740  (n=15216, test_cells=15216)  b=0.36
  fold 1/5: OURS mae=6.194  ST-krig mae=6.426  persist mae=7.284  (n=15216, test_cells=15216)  b=0.33
  fold 2/5: OURS mae=5.381  ST-krig mae=5.531  persist mae=7.133  (n=15168, test_cells=15168)  b=0.37
  fold 3/5: OURS mae=5.051  ST-krig mae=5.318  persist mae=6.983  (n=15144, test_cells=15144)  b=0.36
  fold 4/5: OURS mae=4.827  ST-krig mae=5.014  persist mae=7.421  (n=14832, test_cells=14832)  b=0.34
OURS (GraPhyNet)       MAE=5.937±1.238  R2=0.260
ST-kriging baseline    MAE=6.137±1.224  R2=0.233
Persistence floor      MAE=7.712±1.024  R2=-0.260
OURS vs ST-kriging: -3.3%   (<0 = GNN beats the strong space+time baseline)
mean learned prior blend b (persistence weight) = 0.35
########## slc  gap 48h  (5-fold CV) ##########
  fold 0/5: OURS mae=7.590  ST-krig mae=7.801  persist mae=12.427  (n=15264, test_cells=15264)  b=0.36
  fold 1/5: OURS mae=5.180  ST-krig mae=5.317  persist mae=8.488  (n=15216, test_cells=15216)  b=0.32
  fold 2/5: OURS mae=9.454  ST-krig mae=9.525  persist mae=9.202  (n=15120, test_cells=15120)  b=0.31
  fold 3/5: OURS mae=7.149  ST-krig mae=7.265  persist mae=8.142  (n=15024, test_cells=15024)  b=0.33
  fold 4/5: OURS mae=7.659  ST-krig mae=7.798  persist mae=8.453  (n=14304, test_cells=14304)  b=0.37
OURS (GraPhyNet)       MAE=7.406±1.365  R2=-0.333
ST-kriging baseline    MAE=7.541±1.348  R2=-0.347
Persistence floor      MAE=9.342±1.581  R2=-0.759
OURS vs ST-kriging: -1.8%   (<0 = GNN beats the strong space+time baseline)
mean learned prior blend b (persistence weight) = 0.34
########## pittsburgh  gap 24h  (5-fold CV) ##########
  fold 0/5: OURS mae=3.910  ST-krig mae=4.339  persist mae=5.504  (n=84792, test_cells=84792)  b=0.49
  fold 1/5: OURS mae=3.931  ST-krig mae=4.349  persist mae=5.342  (n=84480, test_cells=84480)  b=0.48
  fold 2/5: OURS mae=3.745  ST-krig mae=4.199  persist mae=5.265  (n=84264, test_cells=84264)  b=0.46
  fold 3/5: OURS mae=3.845  ST-krig mae=4.355  persist mae=5.462  (n=83904, test_cells=83904)  b=0.47
  fold 4/5: OURS mae=4.029  ST-krig mae=4.367  persist mae=5.554  (n=83544, test_cells=83544)  b=0.48
OURS (GraPhyNet)       MAE=3.892±0.094  R2=0.677
ST-kriging baseline    MAE=4.322±0.062  R2=0.628
Persistence floor      MAE=5.425±0.107  R2=0.381
OURS vs ST-kriging: -9.9%   (<0 = GNN beats the strong space+time baseline)
mean learned prior blend b (persistence weight) = 0.48
########## pittsburgh  gap 48h  (5-fold CV) ##########
  fold 0/5: OURS mae=4.394  ST-krig mae=4.801  persist mae=6.803  (n=84672, test_cells=84672)  b=0.40
  fold 1/5: OURS mae=4.126  ST-krig mae=4.470  persist mae=6.342  (n=84096, test_cells=84096)  b=0.41
  fold 2/5: OURS mae=4.145  ST-krig mae=4.547  persist mae=6.425  (n=83520, test_cells=83520)  b=0.39
  fold 3/5: OURS mae=4.005  ST-krig mae=4.497  persist mae=6.225  (n=83088, test_cells=83088)  b=0.40
  fold 4/5: OURS mae=4.710  ST-krig mae=4.974  persist mae=6.780  (n=82656, test_cells=82656)  b=0.41
OURS (GraPhyNet)       MAE=4.276±0.251  R2=0.620
ST-kriging baseline    MAE=4.658±0.197  R2=0.569
Persistence floor      MAE=6.515±0.235  R2=0.098
OURS vs ST-kriging: -8.2%   (<0 = GNN beats the strong space+time baseline)
mean learned prior blend b (persistence weight) = 0.40
ALL_KFOLD_DONE
