/Users/annaypodimatopoulou/Code/side_quests/nasa-sees/.venv/lib/python3.9/site-packages/urllib3/__init__.py:35: NotOpenSSLWarning: urllib3 v2 only supports OpenSSL 1.1.1+, currently the 'ssl' module is compiled with 'LibreSSL 2.8.3'. See: https://github.com/urllib3/urllib3/issues/3020
  warnings.warn(
[coords] 69 sensors for slc; model=gfs_hrrr 2023-12-01..2024-02-29 -> /Users/annaypodimatopoulou/Code/side_quests/nasa-sees/data/slc/wind_hrrr
  [1/69] sensor       4553   2184 hours
  [2/69] sensor       5572   2184 hours
  [3/69] sensor       5758   2184 hours
  [4/69] sensor       5808   2184 hours
  [5/69] sensor       6276   2184 hours
  [6/69] sensor       6352   2184 hours
  [7/69] sensor       6356   2184 hours
  [8/69] sensor       9566   2184 hours
  [9/69] sensor      10808   2184 hours
  [10/69] sensor      12989   2184 hours
  [11/69] sensor      13227   2184 hours
  [12/69] sensor      13307   2184 hours
  [13/69] sensor      13313   2184 hours
  [14/69] sensor      18115   2184 hours
  [15/69] sensor      18469   2184 hours
  [16/69] sensor      20897   2184 hours
  [17/69] sensor      34941   2184 hours
  [18/69] sensor      40713   2184 hours
  [19/69] sensor      42079   2184 hours
  [20/69] sensor      42529   2184 hours
  [21/69] sensor      44157   2184 hours
  [22/69] sensor      46773   2184 hours
  [23/69] sensor      46863   2184 hours
  [24/69] sensor      47171   2184 hours
  [25/69] sensor      49155   2184 hours
  [26/69] sensor      83505   2184 hours
  [27/69] sensor      86147   2184 hours
  [28/69] sensor      94765   2184 hours
  [29/69] sensor     101025   2184 hours
  [30/69] sensor     104574   2184 hours
  [31/69] sensor     105030   2184 hours
  [32/69] sensor     106632   2184 hours
  [33/69] sensor     112594   2184 hours
  [34/69] sensor     122091   2184 hours
  [35/69] sensor     129167   2184 hours
  [36/69] sensor     129727   2184 hours
  [37/69] sensor     133674   2184 hours
  [38/69] sensor     133678   2184 hours
  [39/69] sensor     133792   2184 hours
  [40/69] sensor     151912   2184 hours
  [41/69] sensor     180593   2184 hours
  [42/69] sensor     189031   2184 hours
  [43/69] sensor     189657   2184 hours
  [44/69] sensor     189694   2184 hours
  [45/69] sensor     190415   2184 hours
  [46/69] sensor     192375   2184 hours
  [47/69] sensor     199645   2184 hours
  [48/69] sensor     205861   2184 hours
  [49/69] sensor     206185   2184 hours
  [50/69] sensor     235753   2184 hours
  [51/69] sensor     240129   2184 hours
  [52/69] sensor     241985   2184 hours
  [53/69] sensor     242039   2184 hours
  [54/69] sensor     243073   2184 hours
  [55/69] sensor     243971   2184 hours
  [56/69] sensor     243975   2184 hours
  [57/69] sensor     243993   2184 hours
  [58/69] sensor     254023   2184 hours
  [59/69] sensor     262151   2184 hours
  [60/69] sensor     271313   2184 hours
  [61/69] sensor     278649   2184 hours
  [62/69] sensor     280142   2184 hours
  [63/69] sensor     282206   2184 hours
  [64/69] sensor     283230   2184 hours
  [65/69] sensor     298359   2184 hours
  [66/69] sensor     301861   2184 hours
  [67/69] sensor     302286   2184 hours
  [68/69] sensor     302494   2184 hours
  [69/69] sensor     316393   2184 hours
[done] 150696 wind rows -> /Users/annaypodimatopoulou/Code/side_quests/nasa-sees/data/slc/wind_hrrr
