[run] config=small steps=4000 maxpar=8 city=slc epa=0 seeds=(0 1 2 3 4 5 6 7) -> faithful_logs/small_4000_slc_terrain_idw_idwelev
[run] launched seed 0 (pid 27622)
[run] launched seed 1 (pid 27623)
[run] launched seed 2 (pid 27624)
[run] launched seed 3 (pid 27625)
[run] launched seed 4 (pid 27626)
[run] launched seed 5 (pid 27627)
[run] launched seed 6 (pid 27628)
[run] launched seed 7 (pid 27629)
[run] all seeds finished; aggregating
========================================================================
FAITHFUL GraPhy  aggregated over 8 seeds [0, 1, 2, 3, 4, 5, 6, 7]
========================================================================
  seed 0: MAE=3.384  R2=0.891  corr=0.955  IDW=3.229  w=(0.33,0.00,0.67)
  seed 1: MAE=3.806  R2=0.821  corr=0.911  IDW=3.946  w=(0.29,0.34,0.38)
  seed 2: MAE=5.409  R2=0.650  corr=0.812  IDW=5.888  w=(0.67,0.33,0.00)
  seed 3: MAE=5.214  R2=0.386  corr=0.834  IDW=5.950  w=(0.66,0.00,0.34)
  seed 4: MAE=4.407  R2=0.786  corr=0.905  IDW=4.550  w=(0.33,0.33,0.33)
  seed 5: MAE=3.661  R2=0.844  corr=0.922  IDW=4.726  w=(0.23,0.36,0.42)
  seed 6: MAE=3.014  R2=0.899  corr=0.953  IDW=2.932  w=(0.33,0.00,0.67)
  seed 7: MAE=4.628  R2=0.783  corr=0.887  IDW=4.919  w=(0.34,0.00,0.66)
------------------------------------------------------------------------
FAITHFUL GraPhy   MAE=4.190+-0.809  RMSE=6.328+-1.354  R2=0.758+-0.158
IDW baseline      MAE=4.518+-1.039
repo best (ref)   MAE=3.054+-0.29   GraPhy(paper) MAE=2.380
mean fusion  w_D=0.398  w_C=0.170  w_L=0.434
diverged seeds: 0/8
========================================================================
