[slc2] START 00:57:31
[slc2] === A pure  | terrain OFF (control) (00:57:31) ===
[run] config=small steps=40000 maxpar=4 city=slc epa=0 seeds=(0 1 2 3) -> faithful_logs/small_40000_slc_lr5e-4_pat20
[run] launched seed 0 (pid 13124)
[run] launched seed 1 (pid 13125)
[run] launched seed 2 (pid 13126)
[run] launched seed 3 (pid 13127)
[run] all seeds finished; aggregating
========================================================================
FAITHFUL GraPhy  aggregated over 4 seeds [0, 1, 2, 3]
========================================================================
  seed 0: MAE=3.963  R2=0.798  corr=0.921  IDW=3.229  w=(0.00,0.00,1.00)
  seed 1: MAE=4.742  R2=0.686  corr=0.846  IDW=3.946  w=(0.33,0.00,0.67)
  seed 2: MAE=5.570  R2=0.632  corr=0.801  IDW=5.888  w=(0.33,0.00,0.67)
  seed 3: MAE=7.350  R2=-0.282  corr=0.755  IDW=5.950  w=(0.00,0.00,1.00)
------------------------------------------------------------------------
FAITHFUL GraPhy   MAE=5.406+-1.258  RMSE=8.635+-1.994  R2=0.459+-0.432
IDW baseline      MAE=4.753+-1.193
repo best (ref)   MAE=3.054+-0.29   GraPhy(paper) MAE=2.380
mean fusion  w_D=0.165  w_C=0.000  w_L=0.835
diverged seeds: 0/4
========================================================================
[slc2] === B pure  | terrain ON  (novelty) (02:31:48) ===
[run] config=small steps=40000 maxpar=4 city=slc epa=0 seeds=(0 1 2 3) -> faithful_logs/small_40000_slc_terrain_lr5e-4_pat20
[run] launched seed 0 (pid 61286)
[run] launched seed 1 (pid 61287)
[run] launched seed 2 (pid 61288)
[run] launched seed 3 (pid 61289)
[run] all seeds finished; aggregating
========================================================================
FAITHFUL GraPhy  aggregated over 4 seeds [0, 1, 2, 3]
========================================================================
  seed 0: MAE=4.071  R2=0.862  corr=0.933  IDW=3.229  w=(0.67,0.00,0.33)
  seed 1: MAE=3.942  R2=0.778  corr=0.882  IDW=3.946  w=(0.33,0.00,0.67)
  seed 2: MAE=10.892  R2=-0.007  corr=-0.156  IDW=5.888  w=(0.33,0.33,0.33)
  seed 3: MAE=7.428  R2=-0.338  corr=0.759  IDW=5.950  w=(0.00,0.00,1.00)
------------------------------------------------------------------------
FAITHFUL GraPhy   MAE=6.583+-2.853  RMSE=9.514+-3.705  R2=0.324+-0.511
IDW baseline      MAE=4.753+-1.193
repo best (ref)   MAE=3.054+-0.29   GraPhy(paper) MAE=2.380
mean fusion  w_D=0.333  w_C=0.083  w_L=0.583
diverged seeds: 0/4
========================================================================
[slc2] === C hybrid| terrain OFF (control) (03:29:09) ===
[run] config=small steps=15000 maxpar=4 city=slc epa=0 seeds=(0 1 2 3) -> faithful_logs/small_15000_slc_idw_lr5e-4_pat20
[run] launched seed 0 (pid 33411)
[run] launched seed 1 (pid 33412)
[run] launched seed 2 (pid 33413)
[run] launched seed 3 (pid 33414)
[run] all seeds finished; aggregating
========================================================================
FAITHFUL GraPhy  aggregated over 4 seeds [0, 1, 2, 3]
========================================================================
  seed 0: MAE=3.467  R2=0.854  corr=0.942  IDW=3.229  w=(0.33,0.33,0.33)
  seed 1: MAE=4.159  R2=0.764  corr=0.875  IDW=3.946  w=(0.33,0.00,0.67)
  seed 2: MAE=5.926  R2=0.579  corr=0.772  IDW=5.888  w=(0.33,0.33,0.33)
  seed 3: MAE=6.033  R2=0.182  corr=0.787  IDW=5.950  w=(0.00,0.00,1.00)
------------------------------------------------------------------------
FAITHFUL GraPhy   MAE=4.896+-1.111  RMSE=7.693+-1.659  R2=0.595+-0.258
IDW baseline      MAE=4.753+-1.193
repo best (ref)   MAE=3.054+-0.29   GraPhy(paper) MAE=2.380
mean fusion  w_D=0.247  w_C=0.165  w_L=0.583
diverged seeds: 0/4
========================================================================
[slc2] === D hybrid| terrain ON  (novelty) (03:54:02) ===
[run] config=small steps=15000 maxpar=4 city=slc epa=0 seeds=(0 1 2 3) -> faithful_logs/small_15000_slc_terrain_idw_idwelev_lr5e-4_pat20
[run] launched seed 0 (pid 68129)
[run] launched seed 1 (pid 68130)
[run] launched seed 2 (pid 68131)
[run] launched seed 3 (pid 68132)
[run] all seeds finished; aggregating
========================================================================
FAITHFUL GraPhy  aggregated over 4 seeds [0, 1, 2, 3]
========================================================================
  seed 0: MAE=4.352  R2=0.874  corr=0.956  IDW=3.229  w=(0.67,0.00,0.33)
  seed 1: MAE=4.184  R2=0.771  corr=0.880  IDW=3.946  w=(0.33,0.00,0.67)
  seed 2: MAE=5.413  R2=0.650  corr=0.812  IDW=5.888  w=(0.33,0.33,0.33)
  seed 3: MAE=5.503  R2=0.358  corr=0.833  IDW=5.950  w=(0.00,0.00,1.00)
------------------------------------------------------------------------
FAITHFUL GraPhy   MAE=4.863+-0.599  RMSE=7.095+-1.341  R2=0.663+-0.193
IDW baseline      MAE=4.753+-1.193
repo best (ref)   MAE=3.054+-0.29   GraPhy(paper) MAE=2.380
mean fusion  w_D=0.333  w_C=0.083  w_L=0.583
diverged seeds: 0/4
========================================================================
[slc2] DONE 04:20:23
