[run] config=small steps=4000 maxpar=8 city=slc epa=0 seeds=(0 1 2 3 4 5 6 7) -> faithful_logs/small_4000_slc_idw
[run] launched seed 0 (pid 50024)
[run] launched seed 1 (pid 50025)
[run] launched seed 2 (pid 50026)
[run] launched seed 3 (pid 50027)
[run] launched seed 4 (pid 50028)
[run] launched seed 5 (pid 50029)
[run] launched seed 6 (pid 50030)
[run] launched seed 7 (pid 50031)
[run] all seeds finished; aggregating
========================================================================
FAITHFUL GraPhy  aggregated over 8 seeds [0, 1, 2, 3, 4, 5, 6, 7]
========================================================================
  seed 0: MAE=4.131  R2=0.809  corr=0.937  IDW=3.229  w=(0.70,0.01,0.29)
  seed 1: MAE=4.293  R2=0.753  corr=0.872  IDW=3.946  w=(0.00,0.00,1.00)
  seed 2: MAE=5.807  R2=0.588  corr=0.777  IDW=5.888  w=(0.67,0.33,0.00)
  seed 3: MAE=5.951  R2=0.189  corr=0.790  IDW=5.950  w=(0.33,0.33,0.33)
  seed 4: MAE=4.738  R2=0.750  corr=0.884  IDW=4.550  w=(0.33,0.33,0.34)
  seed 5: MAE=4.555  R2=0.759  corr=0.878  IDW=4.726  w=(0.46,0.00,0.54)
  seed 6: MAE=3.909  R2=0.857  corr=0.937  IDW=2.932  w=(0.33,0.33,0.33)
  seed 7: MAE=5.016  R2=0.726  corr=0.856  IDW=4.919  w=(0.67,0.33,0.00)
------------------------------------------------------------------------
FAITHFUL GraPhy   MAE=4.800+-0.702  RMSE=7.338+-1.282  R2=0.679+-0.199
IDW baseline      MAE=4.518+-1.039
repo best (ref)   MAE=3.054+-0.29   GraPhy(paper) MAE=2.380
mean fusion  w_D=0.436  w_C=0.208  w_L=0.354
diverged seeds: 0/8
========================================================================
