[sweep] cores free -> starting base-convergence sweep 18:38:05
[sweep] === small baseline (128/3, no reg) ===
[run] config=small steps=4000 maxpar=8 city=fresno_med_abc epa=1 seeds=(0 1 2 3 4 5 6 7) -> faithful_logs/small_4000_fresno_med_abc_epa
[run] launched seed 0 (pid 69879)
[run] launched seed 1 (pid 69880)
[run] launched seed 2 (pid 69881)
[run] launched seed 3 (pid 69882)
[run] launched seed 4 (pid 69883)
[run] launched seed 5 (pid 69884)
[run] launched seed 6 (pid 69885)
[run] launched seed 7 (pid 69886)
[run] all seeds finished; aggregating
========================================================================
FAITHFUL GraPhy  aggregated over 8 seeds [0, 1, 2, 3, 4, 5, 6, 7]
========================================================================
  seed 0: MAE=4.004  R2=0.833  corr=0.917  IDW=2.720  w=(0.67,0.00,0.33)
  seed 1: MAE=2.946  R2=0.779  corr=0.897  IDW=2.490  w=(0.00,0.00,1.00)
  seed 2: MAE=4.423  R2=0.671  corr=0.849  IDW=2.213  w=(0.40,0.01,0.59)
  seed 3: MAE=9.184  R2=-0.010  corr=-0.070  IDW=2.747  w=(0.62,0.33,0.04)
  seed 4: MAE=3.430  R2=0.807  corr=0.899  IDW=2.968  w=(0.03,0.00,0.97)
  seed 5: MAE=6.267  R2=0.299  corr=0.787  IDW=3.741  w=(0.00,0.00,1.00)
  seed 6: MAE=9.457  R2=-0.201  corr=-0.122  IDW=3.146  w=(0.33,0.33,0.34)
  seed 7: MAE=4.227  R2=0.762  corr=0.905  IDW=2.638  w=(0.64,0.33,0.03)
------------------------------------------------------------------------
FAITHFUL GraPhy   MAE=5.492+-2.389  RMSE=7.817+-3.351  R2=0.493+-0.383
IDW baseline      MAE=2.833+-0.433
repo best (ref)   MAE=3.054+-0.29   GraPhy(paper) MAE=2.380
mean fusion  w_D=0.336  w_C=0.125  w_L=0.537
diverged seeds: 0/8
========================================================================
[sweep] === small + wd1e-3 ===
[run] config=small steps=4000 maxpar=8 city=fresno_med_abc epa=1 seeds=(0 1 2 3 4 5 6 7) -> faithful_logs/small_4000_fresno_med_abc_wd1e-3_epa
[run] launched seed 0 (pid 88944)
[run] launched seed 1 (pid 88945)
[run] launched seed 2 (pid 88946)
[run] launched seed 3 (pid 88947)
[run] launched seed 4 (pid 88948)
[run] launched seed 5 (pid 88949)
[run] launched seed 6 (pid 88950)
[run] launched seed 7 (pid 88951)
[run] all seeds finished; aggregating
========================================================================
FAITHFUL GraPhy  aggregated over 8 seeds [0, 1, 2, 3, 4, 5, 6, 7]
========================================================================
  seed 0: MAE=4.749  R2=0.764  corr=0.893  IDW=2.720  w=(0.67,0.00,0.33)
  seed 1: MAE=2.931  R2=0.783  corr=0.897  IDW=2.490  w=(0.00,0.00,1.00)
  seed 2: MAE=5.671  R2=0.316  corr=0.829  IDW=2.213  w=(0.67,0.33,0.00)
  seed 3: MAE=4.830  R2=0.719  corr=0.884  IDW=2.747  w=(0.97,0.00,0.03)
  seed 4: MAE=4.085  R2=0.738  corr=0.871  IDW=2.968  w=(0.15,0.33,0.51)
  seed 5: MAE=6.186  R2=0.316  corr=0.790  IDW=3.741  w=(0.00,0.00,1.00)
  seed 6: MAE=9.456  R2=-0.201  corr=-0.122  IDW=3.146  w=(0.33,0.33,0.34)
  seed 7: MAE=4.531  R2=0.743  corr=0.932  IDW=2.638  w=(0.31,0.33,0.36)
------------------------------------------------------------------------
FAITHFUL GraPhy   MAE=5.305+-1.817  RMSE=7.653+-2.704  R2=0.522+-0.330
IDW baseline      MAE=2.833+-0.433
repo best (ref)   MAE=3.054+-0.29   GraPhy(paper) MAE=2.380
mean fusion  w_D=0.388  w_C=0.165  w_L=0.446
diverged seeds: 0/8
========================================================================
[sweep] === small + wd1e-3 + dropout0.1 ===
[run] config=small steps=4000 maxpar=8 city=fresno_med_abc epa=1 seeds=(0 1 2 3 4 5 6 7) -> faithful_logs/small_4000_fresno_med_abc_wd1e-3_do0.1_epa
[run] launched seed 0 (pid 8866)
[run] launched seed 1 (pid 8867)
[run] launched seed 2 (pid 8868)
[run] launched seed 3 (pid 8869)
[run] launched seed 4 (pid 8870)
[run] launched seed 5 (pid 8871)
[run] launched seed 6 (pid 8872)
[run] launched seed 7 (pid 8873)
