[sweep] cores free -> base-convergence sweep on fresno_med_max 19:10:11
[sweep] === small baseline (128/3) ===
[run] config=small steps=4000 maxpar=8 city=fresno_med_max epa=1 seeds=(0 1 2 3 4 5 6 7) -> faithful_logs/small_4000_fresno_med_max_epa
[run] launched seed 0 (pid 15817)
[run] launched seed 1 (pid 15818)
[run] launched seed 2 (pid 15819)
[run] launched seed 3 (pid 15820)
[run] launched seed 4 (pid 15821)
[run] launched seed 5 (pid 15822)
[run] launched seed 6 (pid 15823)
[run] launched seed 7 (pid 15824)
[run] all seeds finished; aggregating
========================================================================
FAITHFUL GraPhy  aggregated over 8 seeds [0, 1, 2, 3, 4, 5, 6, 7]
========================================================================
  seed 0: MAE=5.294  R2=0.411  corr=0.770  IDW=4.443  w=(0.60,0.07,0.33)
  seed 1: MAE=3.830  R2=0.753  corr=0.869  IDW=3.562  w=(0.02,0.00,0.98)
  seed 2: MAE=4.326  R2=0.709  corr=0.860  IDW=3.173  w=(0.33,0.33,0.33)
  seed 3: MAE=9.090  R2=-0.058  corr=0.112  IDW=2.573  w=(0.64,0.34,0.03)
  seed 4: MAE=5.317  R2=0.627  corr=0.805  IDW=4.456  w=(0.08,0.33,0.59)
  seed 5: MAE=4.103  R2=0.695  corr=0.863  IDW=3.879  w=(0.13,0.00,0.87)
  seed 6: MAE=3.379  R2=0.739  corr=0.874  IDW=3.380  w=(0.67,0.00,0.33)
  seed 7: MAE=4.494  R2=0.716  corr=0.848  IDW=3.290  w=(0.66,0.00,0.34)
------------------------------------------------------------------------
FAITHFUL GraPhy   MAE=4.979+-1.674  RMSE=7.053+-2.123  R2=0.574+-0.260
IDW baseline      MAE=3.595+-0.602
repo best (ref)   MAE=3.054+-0.29   GraPhy(paper) MAE=2.380
mean fusion  w_D=0.391  w_C=0.134  w_L=0.475
diverged seeds: 0/8
========================================================================
[sweep] === small + wd1e-3 ===
[run] config=small steps=4000 maxpar=8 city=fresno_med_max epa=1 seeds=(0 1 2 3 4 5 6 7) -> faithful_logs/small_4000_fresno_med_max_wd1e-3_epa
[run] launched seed 0 (pid 40364)
[run] launched seed 1 (pid 40365)
[run] launched seed 2 (pid 40366)
[run] launched seed 3 (pid 40367)
[run] launched seed 4 (pid 40368)
[run] launched seed 5 (pid 40369)
[run] launched seed 6 (pid 40370)
[run] launched seed 7 (pid 40372)
[run] all seeds finished; aggregating
========================================================================
FAITHFUL GraPhy  aggregated over 8 seeds [0, 1, 2, 3, 4, 5, 6, 7]
========================================================================
  seed 0: MAE=4.227  R2=0.611  corr=0.841  IDW=4.443  w=(0.67,0.00,0.33)
  seed 1: MAE=3.834  R2=0.754  corr=0.869  IDW=3.562  w=(0.02,0.00,0.98)
  seed 2: MAE=4.259  R2=0.687  corr=0.852  IDW=3.173  w=(0.33,0.33,0.33)
  seed 3: MAE=9.012  R2=-0.044  corr=0.099  IDW=2.573  w=(0.63,0.34,0.03)
  seed 4: MAE=5.274  R2=0.643  corr=0.804  IDW=4.456  w=(0.01,0.34,0.65)
  seed 5: MAE=4.689  R2=0.649  corr=0.842  IDW=3.879  w=(0.02,0.02,0.96)
  seed 6: MAE=3.617  R2=0.715  corr=0.874  IDW=3.380  w=(0.33,0.00,0.67)
  seed 7: MAE=4.365  R2=0.645  corr=0.829  IDW=3.290  w=(0.64,0.34,0.02)
------------------------------------------------------------------------
FAITHFUL GraPhy   MAE=4.910+-1.621  RMSE=7.065+-2.093  R2=0.583+-0.241
IDW baseline      MAE=3.595+-0.602
repo best (ref)   MAE=3.054+-0.29   GraPhy(paper) MAE=2.380
mean fusion  w_D=0.331  w_C=0.171  w_L=0.496
diverged seeds: 0/8
========================================================================
[sweep] === small + wd1e-3 + dropout0.1 ===
[run] config=small steps=4000 maxpar=8 city=fresno_med_max epa=1 seeds=(0 1 2 3 4 5 6 7) -> faithful_logs/small_4000_fresno_med_max_wd1e-3_do0.1_epa
[run] launched seed 0 (pid 85266)
[run] launched seed 1 (pid 85267)
[run] launched seed 2 (pid 85268)
[run] launched seed 3 (pid 85269)
[run] launched seed 4 (pid 85270)
[run] launched seed 5 (pid 85271)
[run] launched seed 6 (pid 85272)
[run] launched seed 7 (pid 85274)
