[faithful] city=fresno_med_abc wind=hrrr config=small (hidden=128 layers=3) steps=4000 batch=32 lr=0.0001 wd=0.0 dropout=0.0
[preprocess] despike: masked 727/73775 spike cells (0.99%) > 6 robust-sigma from a 13h rolling median -> treated as not observed
[preprocess] spatial-qa: masked 61/73775 cells (0.08%) > 8 cross-sensor robust-z from the hourly network median -> not observed
[preprocess] masked 0/73775 implausible cells (0.00%) outside [0, 500] ug/m3 -> treated as not observed
[preprocess] sensors: 25 -> 23 kept  (threshold=40% yearly coverage)
[preprocess] dropped full-year duds (coverage): [('18625', 0.0), ('124099', 0.356)]
[preprocess] observed cells: 62549/67873 (92.2%) -> only these can enter the loss; the rest are filled inputs (zero), never targets
[wind] 11/23 sensors missing wind files -> zero wind at those nodes: ['119225', '134022', '15189', '17569', '189863', '37111', '39049', '7284', '80125', '83229', '86319']
[wind] source=HRRR 3km (/Users/annaypodimatopoulou/Code/side_quests/nasa-sees/data/fresno/wind_hrrr)
[graph] set='urban'  nodes=23  edges=154  timesteps=2951  has_wind=True  has_temp=False
  seed 4: OURS mae=3.430 rmse=5.076 r2=0.807 corr=0.899 (n=14350)   IDW mae=2.968   w(D,C,L)=(0.03,0.00,0.97)  best@3999(val 6.23)

========================================================================
FAITHFUL GraPhy  city=fresno_med_abc  config=small  split(tr/val/te)=(16, 2, 5)  seeds=[4]  (799s)
========================================================================
FAITHFUL GraPhy     MAE=3.430+-0.000  RMSE=5.076  R2=0.807+-0.000  corr=0.899
IDW baseline        MAE=2.968+-0.000  RMSE=4.633  R2=0.839+-0.000  corr=0.917
repo best (ref)     MAE=3.054+-0.29 (IDW-residual scaffold, wind zero)
GraPhy (paper)      MAE=2.380   (Fresno, 41 sensors, Oct23-Jan24)
mean fusion weight  w_D(diffusion)=0.032  w_C(convection)=0.000  w_L(local)=0.968
diverged seeds: 0/1  (plain MSE stable)
========================================================================
